{"meta": {"format": 3, "version": "7.10.7", "timestamp": "2025-10-03T16:28:53.404080", "branch_coverage": true, "show_contexts": false}, "files": {"src/Urban_Amenities2/__init__.py": {"executed_lines": [1, 2, 4, 5, 6, 8], "summary": {"covered_lines": 5, "num_statements": 5, "percent_covered": 100.0, "percent_covered_display": "100.00", "missing_lines": 0, "excluded_lines": 0, "num_branches": 0, "num_partial_branches": 0, "covered_branches": 0, "missing_branches": 0}, "missing_lines": [], "excluded_lines": [], "executed_branches": [], "missing_branches": [], "functions": {"": {"executed_lines": [1, 2, 4, 5, 6, 8], "summary": {"covered_lines": 5, "num_statements": 5, "percent_covered": 100.0, "percent_covered_display": "100.00", "missing_lines": 0, "excluded_lines": 0, "num_branches": 0, "num_partial_branches": 0, "covered_branches": 0, "missing_branches": 0}, "missing_lines": [], "excluded_lines": [], "executed_branches": [], "missing_branches": []}}, "classes": {"": {"executed_lines": [1, 2, 4, 5, 6, 8], "summary": {"covered_lines": 5, "num_statements": 5, "percent_covered": 100.0, "percent_covered_display": "100.00", "missing_lines": 0, "excluded_lines": 0, "num_branches": 0, "num_partial_branches": 0, "covered_branches": 0, "missing_branches": 0}, "missing_lines": [], "excluded_lines": [], "executed_branches": [], "missing_branches": []}}}, "src/Urban_Amenities2/accessibility/__init__.py": {"executed_lines": [], "summary": {"covered_lines": 0, "num_statements": 0, "percent_covered": 100.0, "percent_covered_display": "100.00", "missing_lines": 0, "excluded_lines": 0, "num_branches": 0, "num_partial_branches": 0, "covered_branches": 0, "missing_branches": 0}, "missing_lines": [], "excluded_lines": [], "executed_branches": [], "missing_branches": [], "functions": {"": {"executed_lines": [], "summary": {"covered_lines": 0, "num_statements": 0, "percent_covered": 100.0, "percent_covered_display": "100.00", "missing_lines": 0, "excluded_lines": 0, "num_branches": 0, "num_partial_branches": 0, "covered_branches": 0, "missing_branches": 0}, "missing_lines": [], "excluded_lines": [], "executed_branches": [], "missing_branches": []}}, "classes": {"": {"executed_lines": [], "summary": {"covered_lines": 0, "num_statements": 0, "percent_covered": 100.0, "percent_covered_display": "100.00", "missing_lines": 0, "excluded_lines": 0, "num_branches": 0, "num_partial_branches": 0, "covered_branches": 0, "missing_branches": 0}, "missing_lines": [], "excluded_lines": [], "executed_branches": [], "missing_branches": []}}}, "src/Urban_Amenities2/accessibility/matrices.py": {"executed_lines": [1, 3, 4, 6, 7, 9, 18, 19, 20, 21, 24, 25, 26, 27, 28, 29, 32, 33, 34, 36, 37, 38, 39, 40, 41, 42, 43, 44, 45, 46, 47, 48, 49, 50, 51, 52, 53, 54, 55, 56, 57, 58, 59, 60, 61, 63, 64, 65, 66, 68, 69, 70, 71, 73, 74, 82, 83, 84, 87], "summary": {"covered_lines": 59, "num_statements": 62, "percent_covered": 91.89189189189189, "percent_covered_display": "91.89", "missing_lines": 3, "excluded_lines": 0, "num_branches": 12, "num_partial_branches": 3, "covered_branches": 9, "missing_branches": 3}, "missing_lines": [62, 67, 72], "excluded_lines": [], "executed_branches": [[47, 48], [47, 54], [55, 56], [55, 58], [59, 60], [59, 66], [61, 63], [66, 68], [71, 73]], "missing_branches": [[61, 62], [66, 67], [71, 72]], "functions": {"AccessibilityMatrixBuilder.__init__": {"executed_lines": [34], "summary": {"covered_lines": 1, "num_statements": 1, "percent_covered": 100.0, "percent_covered_display": "100.00", "missing_lines": 0, "excluded_lines": 0, "num_branches": 0, "num_partial_branches": 0, "covered_branches": 0, "missing_branches": 0}, "missing_lines": [], "excluded_lines": [], "executed_branches": [], "missing_branches": []}, "AccessibilityMatrixBuilder.build": {"executed_lines": [37, 38, 39, 40, 41, 42, 43, 44, 45, 46, 47, 48, 49, 50, 51, 52, 53, 54, 55, 56, 57, 58, 59, 60, 61, 63, 64, 65, 66, 68, 69, 70, 71, 73, 74, 82, 83, 84], "summary": {"covered_lines": 38, "num_statements": 41, "percent_covered": 88.67924528301887, "percent_covered_display": "88.68", "missing_lines": 3, "excluded_lines": 0, "num_branches": 12, "num_partial_branches": 3, "covered_branches": 9, "missing_branches": 3}, "missing_lines": [62, 67, 72], "excluded_lines": [], "executed_branches": [[47, 48], [47, 54], [55, 56], [55, 58], [59, 60], [59, 66], [61, 63], [66, 68], [71, 73]], "missing_branches": [[61, 62], [66, 67], [71, 72]]}, "": {"executed_lines": [1, 3, 4, 6, 7, 9, 18, 19, 20, 21, 24, 25, 26, 27, 28, 29, 32, 33, 36, 87], "summary": {"covered_lines": 20, "num_statements": 20, "percent_covered": 100.0, "percent_covered_display": "100.00", "missing_lines": 0, "excluded_lines": 0, "num_branches": 0, "num_partial_branches": 0, "covered_branches": 0, "missing_branches": 0}, "missing_lines": [], "excluded_lines": [], "executed_branches": [], "missing_branches": []}}, "classes": {"NestConfig": {"executed_lines": [], "summary": {"covered_lines": 0, "num_statements": 0, "percent_covered": 100.0, "percent_covered_display": "100.00", "missing_lines": 0, "excluded_lines": 0, "num_branches": 0, "num_partial_branches": 0, "covered_branches": 0, "missing_branches": 0}, "missing_lines": [], "excluded_lines": [], "executed_branches": [], "missing_branches": []}, "AccessibilityConfig": {"executed_lines": [], "summary": {"covered_lines": 0, "num_statements": 0, "percent_covered": 100.0, "percent_covered_display": "100.00", "missing_lines": 0, "excluded_lines": 0, "num_branches": 0, "num_partial_branches": 0, "covered_branches": 0, "missing_branches": 0}, "missing_lines": [], "excluded_lines": [], "executed_branches": [], "missing_branches": []}, "AccessibilityMatrixBuilder": {"executed_lines": [34, 37, 38, 39, 40, 41, 42, 43, 44, 45, 46, 47, 48, 49, 50, 51, 52, 53, 54, 55, 56, 57, 58, 59, 60, 61, 63, 64, 65, 66, 68, 69, 70, 71, 73, 74, 82, 83, 84], "summary": {"covered_lines": 39, "num_statements": 42, "percent_covered": 88.88888888888889, "percent_covered_display": "88.89", "missing_lines": 3, "excluded_lines": 0, "num_branches": 12, "num_partial_branches": 3, "covered_branches": 9, "missing_branches": 3}, "missing_lines": [62, 67, 72], "excluded_lines": [], "executed_branches": [[47, 48], [47, 54], [55, 56], [55, 58], [59, 60], [59, 66], [61, 63], [66, 68], [71, 73]], "missing_branches": [[61, 62], [66, 67], [71, 72]]}, "": {"executed_lines": [1, 3, 4, 6, 7, 9, 18, 19, 20, 21, 24, 25, 26, 27, 28, 29, 32, 33, 36, 87], "summary": {"covered_lines": 20, "num_statements": 20, "percent_covered": 100.0, "percent_covered_display": "100.00", "missing_lines": 0, "excluded_lines": 0, "num_branches": 0, "num_partial_branches": 0, "covered_branches": 0, "missing_branches": 0}, "missing_lines": [], "excluded_lines": [], "executed_branches": [], "missing_branches": []}}}, "src/Urban_Amenities2/cache/__init__.py": {"executed_lines": [1, 3, 5], "summary": {"covered_lines": 2, "num_statements": 2, "percent_covered": 100.0, "percent_covered_display": "100.00", "missing_lines": 0, "excluded_lines": 0, "num_branches": 0, "num_partial_branches": 0, "covered_branches": 0, "missing_branches": 0}, "missing_lines": [], "excluded_lines": [], "executed_branches": [], "missing_branches": [], "functions": {"": {"executed_lines": [1, 3, 5], "summary": {"covered_lines": 2, "num_statements": 2, "percent_covered": 100.0, "percent_covered_display": "100.00", "missing_lines": 0, "excluded_lines": 0, "num_branches": 0, "num_partial_branches": 0, "covered_branches": 0, "missing_branches": 0}, "missing_lines": [], "excluded_lines": [], "executed_branches": [], "missing_branches": []}}, "classes": {"": {"executed_lines": [1, 3, 5], "summary": {"covered_lines": 2, "num_statements": 2, "percent_covered": 100.0, "percent_covered_display": "100.00", "missing_lines": 0, "excluded_lines": 0, "num_branches": 0, "num_partial_branches": 0, "covered_branches": 0, "missing_branches": 0}, "missing_lines": [], "excluded_lines": [], "executed_branches": [], "missing_branches": []}}}, "src/Urban_Amenities2/cache/manager.py": {"executed_lines": [1, 3, 5, 6, 7, 8, 9, 10, 12, 13, 15, 18, 19, 20, 22, 23, 24, 25, 26, 27, 30, 31, 32, 33, 34, 35, 36, 39, 40, 42, 49, 50, 51, 53, 55, 56, 57, 68, 81, 82, 83, 85, 87, 89, 90, 91, 93, 95, 96, 97, 99, 114, 116, 117, 118, 119, 120, 121, 123, 124, 127, 128, 130, 131, 132, 134, 155, 158, 159, 161, 163, 164, 167, 168, 169, 170, 172, 173, 174, 176, 178, 188, 190, 201, 203, 204, 205, 208, 209, 211, 212, 218, 220, 221, 223, 230, 231, 233, 242, 252, 253, 254, 255, 257, 258], "summary": {"covered_lines": 102, "num_statements": 108, "percent_covered": 92.3076923076923, "percent_covered_display": "92.31", "missing_lines": 6, "excluded_lines": 0, "num_branches": 22, "num_partial_branches": 2, "covered_branches": 18, "missing_branches": 4}, "missing_lines": [62, 64, 66, 214, 215, 216], "excluded_lines": [], "executed_branches": [[55, 56], [81, 82], [81, 85], [89, 90], [89, 91], [95, 96], [95, 97], [118, 119], [118, 123], [158, 159], [158, 161], [204, 205], [204, 211], [205, 204], [205, 208], [253, 254], [253, 257], [254, 255]], "missing_branches": [[55, 62], [62, 64], [62, 66], [254, 253]], "functions": {"CacheManager.__init__": {"executed_lines": [49, 50, 51], "summary": {"covered_lines": 3, "num_statements": 3, "percent_covered": 100.0, "percent_covered_display": "100.00", "missing_lines": 0, "excluded_lines": 0, "num_branches": 0, "num_partial_branches": 0, "covered_branches": 0, "missing_branches": 0}, "missing_lines": [], "excluded_lines": [], "executed_branches": [], "missing_branches": []}, "CacheManager._initialize_backend": {"executed_lines": [55, 56, 57], "summary": {"covered_lines": 3, "num_statements": 6, "percent_covered": 40.0, "percent_covered_display": "40.00", "missing_lines": 3, "excluded_lines": 0, "num_branches": 4, "num_partial_branches": 1, "covered_branches": 1, "missing_branches": 3}, "missing_lines": [62, 64, 66], "excluded_lines": [], "executed_branches": [[55, 56]], "missing_branches": [[55, 62], [62, 64], [62, 66]]}, "CacheManager._make_key": {"executed_lines": [81, 82, 83, 85], "summary": {"covered_lines": 4, "num_statements": 4, "percent_covered": 100.0, "percent_covered_display": "100.00", "missing_lines": 0, "excluded_lines": 0, "num_branches": 2, "num_partial_branches": 0, "covered_branches": 2, "missing_branches": 0}, "missing_lines": [], "excluded_lines": [], "executed_branches": [[81, 82], [81, 85]], "missing_branches": []}, "CacheManager._compress": {"executed_lines": [89, 90, 91], "summary": {"covered_lines": 3, "num_statements": 3, "percent_covered": 100.0, "percent_covered_display": "100.00", "missing_lines": 0, "excluded_lines": 0, "num_branches": 2, "num_partial_branches": 0, "covered_branches": 2, "missing_branches": 0}, "missing_lines": [], "excluded_lines": [], "executed_branches": [[89, 90], [89, 91]], "missing_branches": []}, "CacheManager._decompress": {"executed_lines": [95, 96, 97], "summary": {"covered_lines": 3, "num_statements": 3, "percent_covered": 100.0, "percent_covered_display": "100.00", "missing_lines": 0, "excluded_lines": 0, "num_branches": 2, "num_partial_branches": 0, "covered_branches": 2, "missing_branches": 0}, "missing_lines": [], "excluded_lines": [], "executed_branches": [[95, 96], [95, 97]], "missing_branches": []}, "CacheManager.get": {"executed_lines": [114, 116, 117, 118, 119, 120, 121, 123, 124, 127, 128, 130, 131, 132], "summary": {"covered_lines": 14, "num_statements": 14, "percent_covered": 100.0, "percent_covered_display": "100.00", "missing_lines": 0, "excluded_lines": 0, "num_branches": 2, "num_partial_branches": 0, "covered_branches": 2, "missing_branches": 0}, "missing_lines": [], "excluded_lines": [], "executed_branches": [[118, 119], [118, 123]], "missing_branches": []}, "CacheManager.set": {"executed_lines": [155, 158, 159, 161, 163, 164, 167, 168, 169, 170, 172, 173, 174], "summary": {"covered_lines": 13, "num_statements": 13, "percent_covered": 100.0, "percent_covered_display": "100.00", "missing_lines": 0, "excluded_lines": 0, "num_branches": 2, "num_partial_branches": 0, "covered_branches": 2, "missing_branches": 0}, "missing_lines": [], "excluded_lines": [], "executed_branches": [[158, 159], [158, 161]], "missing_branches": []}, "CacheManager._get_ttl_for_source": {"executed_lines": [178, 188], "summary": {"covered_lines": 2, "num_statements": 2, "percent_covered": 100.0, "percent_covered_display": "100.00", "missing_lines": 0, "excluded_lines": 0, "num_branches": 0, "num_partial_branches": 0, "covered_branches": 0, "missing_branches": 0}, "missing_lines": [], "excluded_lines": [], "executed_branches": [], "missing_branches": []}, "CacheManager.invalidate": {"executed_lines": [201, 203, 204, 205, 208, 209, 211, 212], "summary": {"covered_lines": 8, "num_statements": 11, "percent_covered": 80.0, "percent_covered_display": "80.00", "missing_lines": 3, "excluded_lines": 0, "num_branches": 4, "num_partial_branches": 0, "covered_branches": 4, "missing_branches": 0}, "missing_lines": [214, 215, 216], "excluded_lines": [], "executed_branches": [[204, 205], [204, 211], [205, 204], [205, 208]], "missing_branches": []}, "CacheManager.clear": {"executed_lines": [220, 221], "summary": {"covered_lines": 2, "num_statements": 2, "percent_covered": 100.0, "percent_covered_display": "100.00", "missing_lines": 0, "excluded_lines": 0, "num_branches": 0, "num_partial_branches": 0, "covered_branches": 0, "missing_branches": 0}, "missing_lines": [], "excluded_lines": [], "executed_branches": [], "missing_branches": []}, "CacheManager.get_stats": {"executed_lines": [230, 231, 233], "summary": {"covered_lines": 3, "num_statements": 3, "percent_covered": 100.0, "percent_covered_display": "100.00", "missing_lines": 0, "excluded_lines": 0, "num_branches": 0, "num_partial_branches": 0, "covered_branches": 0, "missing_branches": 0}, "missing_lines": [], "excluded_lines": [], "executed_branches": [], "missing_branches": []}, "CacheManager.warm_cache": {"executed_lines": [252, 253, 254, 255, 257, 258], "summary": {"covered_lines": 6, "num_statements": 6, "percent_covered": 90.0, "percent_covered_display": "90.00", "missing_lines": 0, "excluded_lines": 0, "num_branches": 4, "num_partial_branches": 1, "covered_branches": 3, "missing_branches": 1}, "missing_lines": [], "excluded_lines": [], "executed_branches": [[253, 254], [253, 257], [254, 255]], "missing_branches": [[254, 253]]}, "": {"executed_lines": [1, 3, 5, 6, 7, 8, 9, 10, 12, 13, 15, 18, 19, 20, 22, 23, 24, 25, 26, 27, 30, 31, 32, 33, 34, 35, 36, 39, 40, 42, 53, 68, 87, 93, 99, 134, 176, 190, 218, 223, 242], "summary": {"covered_lines": 38, "num_statements": 38, "percent_covered": 100.0, "percent_covered_display": "100.00", "missing_lines": 0, "excluded_lines": 0, "num_branches": 0, "num_partial_branches": 0, "covered_branches": 0, "missing_branches": 0}, "missing_lines": [], "excluded_lines": [], "executed_branches": [], "missing_branches": []}}, "classes": {"CacheConfig": {"executed_lines": [], "summary": {"covered_lines": 0, "num_statements": 0, "percent_covered": 100.0, "percent_covered_display": "100.00", "missing_lines": 0, "excluded_lines": 0, "num_branches": 0, "num_partial_branches": 0, "covered_branches": 0, "missing_branches": 0}, "missing_lines": [], "excluded_lines": [], "executed_branches": [], "missing_branches": []}, "CacheManager": {"executed_lines": [49, 50, 51, 55, 56, 57, 81, 82, 83, 85, 89, 90, 91, 95, 96, 97, 114, 116, 117, 118, 119, 120, 121, 123, 124, 127, 128, 130, 131, 132, 155, 158, 159, 161, 163, 164, 167, 168, 169, 170, 172, 173, 174, 178, 188, 201, 203, 204, 205, 208, 209, 211, 212, 220, 221, 230, 231, 233, 252, 253, 254, 255, 257, 258], "summary": {"covered_lines": 64, "num_statements": 70, "percent_covered": 89.1304347826087, "percent_covered_display": "89.13", "missing_lines": 6, "excluded_lines": 0, "num_branches": 22, "num_partial_branches": 2, "covered_branches": 18, "missing_branches": 4}, "missing_lines": [62, 64, 66, 214, 215, 216], "excluded_lines": [], "executed_branches": [[55, 56], [81, 82], [81, 85], [89, 90], [89, 91], [95, 96], [95, 97], [118, 119], [118, 123], [158, 159], [158, 161], [204, 205], [204, 211], [205, 204], [205, 208], [253, 254], [253, 257], [254, 255]], "missing_branches": [[55, 62], [62, 64], [62, 66], [254, 253]]}, "": {"executed_lines": [1, 3, 5, 6, 7, 8, 9, 10, 12, 13, 15, 18, 19, 20, 22, 23, 24, 25, 26, 27, 30, 31, 32, 33, 34, 35, 36, 39, 40, 42, 53, 68, 87, 93, 99, 134, 176, 190, 218, 223, 242], "summary": {"covered_lines": 38, "num_statements": 38, "percent_covered": 100.0, "percent_covered_display": "100.00", "missing_lines": 0, "excluded_lines": 0, "num_branches": 0, "num_partial_branches": 0, "covered_branches": 0, "missing_branches": 0}, "missing_lines": [], "excluded_lines": [], "executed_branches": [], "missing_branches": []}}}, "src/Urban_Amenities2/calibration/__init__.py": {"executed_lines": [], "summary": {"covered_lines": 0, "num_statements": 0, "percent_covered": 100.0, "percent_covered_display": "100.00", "missing_lines": 0, "excluded_lines": 0, "num_branches": 0, "num_partial_branches": 0, "covered_branches": 0, "missing_branches": 0}, "missing_lines": [], "excluded_lines": [], "executed_branches": [], "missing_branches": [], "functions": {"": {"executed_lines": [], "summary": {"covered_lines": 0, "num_statements": 0, "percent_covered": 100.0, "percent_covered_display": "100.00", "missing_lines": 0, "excluded_lines": 0, "num_branches": 0, "num_partial_branches": 0, "covered_branches": 0, "missing_branches": 0}, "missing_lines": [], "excluded_lines": [], "executed_branches": [], "missing_branches": []}}, "classes": {"": {"executed_lines": [], "summary": {"covered_lines": 0, "num_statements": 0, "percent_covered": 100.0, "percent_covered_display": "100.00", "missing_lines": 0, "excluded_lines": 0, "num_branches": 0, "num_partial_branches": 0, "covered_branches": 0, "missing_branches": 0}, "missing_lines": [], "excluded_lines": [], "executed_branches": [], "missing_branches": []}}}, "src/Urban_Amenities2/calibration/essentials.py": {"executed_lines": [1, 3, 5, 7, 10, 25, 45], "summary": {"covered_lines": 7, "num_statements": 29, "percent_covered": 16.27906976744186, "percent_covered_display": "16.28", "missing_lines": 22, "excluded_lines": 0, "num_branches": 14, "num_partial_branches": 0, "covered_branches": 0, "missing_branches": 14}, "missing_lines": [17, 18, 19, 20, 21, 22, 26, 27, 28, 29, 30, 31, 32, 33, 34, 35, 36, 37, 38, 39, 40, 42], "excluded_lines": [], "executed_branches": [], "missing_branches": [[18, 19], [18, 22], [26, 27], [26, 31], [29, -25], [29, 30], [31, 32], [31, 36], [34, -25], [34, 35], [36, 37], [36, 42], [39, -25], [39, 40]], "functions": {"sensitivity_analysis": {"executed_lines": [], "summary": {"covered_lines": 0, "num_statements": 6, "percent_covered": 0.0, "percent_covered_display": "0.00", "missing_lines": 6, "excluded_lines": 0, "num_branches": 2, "num_partial_branches": 0, "covered_branches": 0, "missing_branches": 2}, "missing_lines": [17, 18, 19, 20, 21, 22], "excluded_lines": [], "executed_branches": [], "missing_branches": [[18, 19], [18, 22]]}, "_apply_parameter": {"executed_lines": [], "summary": {"covered_lines": 0, "num_statements": 16, "percent_covered": 0.0, "percent_covered_display": "0.00", "missing_lines": 16, "excluded_lines": 0, "num_branches": 12, "num_partial_branches": 0, "covered_branches": 0, "missing_branches": 12}, "missing_lines": [26, 27, 28, 29, 30, 31, 32, 33, 34, 35, 36, 37, 38, 39, 40, 42], "excluded_lines": [], "executed_branches": [], "missing_branches": [[26, 27], [26, 31], [29, -25], [29, 30], [31, 32], [31, 36], [34, -25], [34, 35], [36, 37], [36, 42], [39, -25], [39, 40]]}, "": {"executed_lines": [1, 3, 5, 7, 10, 25, 45], "summary": {"covered_lines": 7, "num_statements": 7, "percent_covered": 100.0, "percent_covered_display": "100.00", "missing_lines": 0, "excluded_lines": 0, "num_branches": 0, "num_partial_branches": 0, "covered_branches": 0, "missing_branches": 0}, "missing_lines": [], "excluded_lines": [], "executed_branches": [], "missing_branches": []}}, "classes": {"": {"executed_lines": [1, 3, 5, 7, 10, 25, 45], "summary": {"covered_lines": 7, "num_statements": 29, "percent_covered": 16.27906976744186, "percent_covered_display": "16.28", "missing_lines": 22, "excluded_lines": 0, "num_branches": 14, "num_partial_branches": 0, "covered_branches": 0, "missing_branches": 14}, "missing_lines": [17, 18, 19, 20, 21, 22, 26, 27, 28, 29, 30, 31, 32, 33, 34, 35, 36, 37, 38, 39, 40, 42], "excluded_lines": [], "executed_branches": [], "missing_branches": [[18, 19], [18, 22], [26, 27], [26, 31], [29, -25], [29, 30], [31, 32], [31, 36], [34, -25], [34, 35], [36, 37], [36, 42], [39, -25], [39, 40]]}}}, "src/Urban_Amenities2/cli/__init__.py": {"executed_lines": [], "summary": {"covered_lines": 0, "num_statements": 0, "percent_covered": 100.0, "percent_covered_display": "100.00", "missing_lines": 0, "excluded_lines": 0, "num_branches": 0, "num_partial_branches": 0, "covered_branches": 0, "missing_branches": 0}, "missing_lines": [], "excluded_lines": [], "executed_branches": [], "missing_branches": [], "functions": {"": {"executed_lines": [], "summary": {"covered_lines": 0, "num_statements": 0, "percent_covered": 100.0, "percent_covered_display": "100.00", "missing_lines": 0, "excluded_lines": 0, "num_branches": 0, "num_partial_branches": 0, "covered_branches": 0, "missing_branches": 0}, "missing_lines": [], "excluded_lines": [], "executed_branches": [], "missing_branches": []}}, "classes": {"": {"executed_lines": [], "summary": {"covered_lines": 0, "num_statements": 0, "percent_covered": 100.0, "percent_covered_display": "100.00", "missing_lines": 0, "excluded_lines": 0, "num_branches": 0, "num_partial_branches": 0, "covered_branches": 0, "missing_branches": 0}, "missing_lines": [], "excluded_lines": [], "executed_branches": [], "missing_branches": []}}}, "src/Urban_Amenities2/cli/main.py": {"executed_lines": [2, 4, 5, 6, 7, 8, 10, 11, 12, 14, 15, 16, 17, 18, 19, 20, 21, 22, 23, 24, 25, 26, 27, 28, 29, 30, 31, 32, 33, 34, 39, 40, 42, 43, 44, 46, 48, 49, 50, 51, 52, 53, 54, 55, 58, 59, 114, 123, 124, 125, 126, 129, 130, 132, 133, 134, 136, 138, 139, 140, 142, 145, 146, 149, 150, 151, 154, 155, 157, 158, 159, 160, 161, 162, 163, 164, 167, 168, 169, 171, 172, 174, 175, 176, 177, 179, 184, 185, 186, 187, 188, 189, 190, 191, 192, 193, 194, 195, 198, 199, 200, 203, 204, 207, 208, 209, 210, 211, 217, 218, 227, 228, 237, 238, 239, 240, 245, 248, 251, 252, 260, 261, 262, 263, 266, 267, 270, 271, 284, 285, 301, 302, 318, 319, 328, 329, 332, 333, 334, 337, 338, 341, 342, 353, 354, 369, 370, 382, 383, 384, 385, 386, 387, 388, 389, 390, 391, 392, 393, 394, 395, 396, 397, 400, 401, 407, 408, 409, 412, 415, 416, 423, 424, 425, 428, 429, 430, 431, 432, 433, 434, 435, 436, 443, 453, 454, 455, 456, 459, 460, 468, 469, 471, 472, 474, 475, 476, 477, 478, 479, 480, 481, 482, 485, 486, 493, 494, 495, 496, 499, 500, 501, 502, 503, 507, 508, 509, 510, 511, 512, 514, 515, 519, 520, 542, 543, 544, 545, 546, 547, 548, 549, 552], "summary": {"covered_lines": 233, "num_statements": 333, "percent_covered": 65.84766584766585, "percent_covered_display": "65.85", "missing_lines": 100, "excluded_lines": 0, "num_branches": 74, "num_partial_branches": 15, "covered_branches": 35, "missing_branches": 39}, "missing_lines": [91, 92, 93, 97, 105, 106, 107, 108, 109, 110, 111, 115, 116, 117, 118, 119, 120, 131, 135, 137, 141, 201, 212, 213, 214, 219, 220, 221, 222, 223, 224, 229, 230, 231, 232, 233, 234, 241, 242, 243, 253, 254, 255, 256, 257, 264, 265, 279, 280, 281, 289, 290, 291, 292, 293, 294, 295, 296, 297, 298, 308, 309, 310, 311, 312, 313, 314, 315, 323, 324, 325, 335, 336, 347, 348, 349, 350, 360, 361, 362, 366, 410, 411, 426, 427, 444, 445, 446, 513, 516, 528, 529, 530, 531, 535, 536, 537, 538, 539, 553], "excluded_lines": [], "executed_branches": [[124, 125], [124, 126], [130, 132], [132, 133], [132, 134], [134, 136], [136, 138], [138, 139], [138, 140], [140, 142], [186, 187], [186, 195], [189, 190], [189, 193], [200, 203], [263, 266], [266, -260], [266, 267], [334, 337], [337, -328], [337, 338], [389, 390], [395, 396], [409, 412], [425, 428], [429, 430], [429, 453], [471, 472], [471, 474], [495, 496], [495, 502], [499, 500], [512, 514], [515, -485], [552, -1]], "missing_branches": [[91, 92], [91, 93], [107, 108], [107, 110], [110, -58], [110, 111], [115, 116], [115, 117], [118, 119], [118, 120], [130, 131], [134, 135], [136, 137], [140, 141], [200, 201], [233, -227], [233, 234], [254, 255], [254, 257], [263, 264], [291, 292], [291, 294], [296, -284], [296, 297], [312, 313], [312, 315], [313, 312], [313, 314], [334, 335], [389, 393], [395, -369], [409, 410], [425, 426], [444, 445], [444, 446], [499, 502], [512, 513], [515, 516], [552, 553]], "functions": {"cli_healthcheck": {"executed_lines": [], "summary": {"covered_lines": 0, "num_statements": 11, "percent_covered": 0.0, "percent_covered_display": "0.00", "missing_lines": 11, "excluded_lines": 0, "num_branches": 6, "num_partial_branches": 0, "covered_branches": 0, "missing_branches": 6}, "missing_lines": [91, 92, 93, 97, 105, 106, 107, 108, 109, 110, 111], "excluded_lines": [], "executed_branches": [], "missing_branches": [[91, 92], [91, 93], [107, 108], [107, 110], [110, -58], [110, 111]]}, "_parse_bbox": {"executed_lines": [], "summary": {"covered_lines": 0, "num_statements": 6, "percent_covered": 0.0, "percent_covered_display": "0.00", "missing_lines": 6, "excluded_lines": 0, "num_branches": 4, "num_partial_branches": 0, "covered_branches": 0, "missing_branches": 4}, "missing_lines": [115, 116, 117, 118, 119, 120], "excluded_lines": [], "executed_branches": [], "missing_branches": [[115, 116], [115, 117], [118, 119], [118, 120]]}, "_load_table": {"executed_lines": [124, 125, 126], "summary": {"covered_lines": 3, "num_statements": 3, "percent_covered": 100.0, "percent_covered_display": "100.00", "missing_lines": 0, "excluded_lines": 0, "num_branches": 2, "num_partial_branches": 0, "covered_branches": 2, "missing_branches": 0}, "missing_lines": [], "excluded_lines": [], "executed_branches": [[124, 125], [124, 126]], "missing_branches": []}, "_json_safe": {"executed_lines": [130, 132, 133, 134, 136, 138, 139, 140, 142], "summary": {"covered_lines": 9, "num_statements": 13, "percent_covered": 68.0, "percent_covered_display": "68.00", "missing_lines": 4, "excluded_lines": 0, "num_branches": 12, "num_partial_branches": 4, "covered_branches": 8, "missing_branches": 4}, "missing_lines": [131, 135, 137, 141], "excluded_lines": [], "executed_branches": [[130, 132], [132, 133], [132, 134], [134, 136], [136, 138], [138, 139], [138, 140], [140, 142]], "missing_branches": [[130, 131], [134, 135], [136, 137], [140, 141]]}, "_sanitize_properties": {"executed_lines": [146], "summary": {"covered_lines": 1, "num_statements": 1, "percent_covered": 100.0, "percent_covered_display": "100.00", "missing_lines": 0, "excluded_lines": 0, "num_branches": 0, "num_partial_branches": 0, "covered_branches": 0, "missing_branches": 0}, "missing_lines": [], "excluded_lines": [], "executed_branches": [], "missing_branches": []}, "_load_coords": {"executed_lines": [150, 151], "summary": {"covered_lines": 2, "num_statements": 2, "percent_covered": 100.0, "percent_covered_display": "100.00", "missing_lines": 0, "excluded_lines": 0, "num_branches": 0, "num_partial_branches": 0, "covered_branches": 0, "missing_branches": 0}, "missing_lines": [], "excluded_lines": [], "executed_branches": [], "missing_branches": []}, "_haversine": {"executed_lines": [155, 157, 158, 159, 160, 161, 162, 163, 164], "summary": {"covered_lines": 9, "num_statements": 9, "percent_covered": 100.0, "percent_covered_display": "100.00", "missing_lines": 0, "excluded_lines": 0, "num_branches": 0, "num_partial_branches": 0, "covered_branches": 0, "missing_branches": 0}, "missing_lines": [], "excluded_lines": [], "executed_branches": [], "missing_branches": []}, "GreatCircleOSRM.__init__": {"executed_lines": [169], "summary": {"covered_lines": 1, "num_statements": 1, "percent_covered": 100.0, "percent_covered_display": "100.00", "missing_lines": 0, "excluded_lines": 0, "num_branches": 0, "num_partial_branches": 0, "covered_branches": 0, "missing_branches": 0}, "missing_lines": [], "excluded_lines": [], "executed_branches": [], "missing_branches": []}, "GreatCircleOSRM._speed": {"executed_lines": [172], "summary": {"covered_lines": 1, "num_statements": 1, "percent_covered": 100.0, "percent_covered_display": "100.00", "missing_lines": 0, "excluded_lines": 0, "num_branches": 0, "num_partial_branches": 0, "covered_branches": 0, "missing_branches": 0}, "missing_lines": [], "excluded_lines": [], "executed_branches": [], "missing_branches": []}, "GreatCircleOSRM.route": {"executed_lines": [175, 176, 177], "summary": {"covered_lines": 3, "num_statements": 3, "percent_covered": 100.0, "percent_covered_display": "100.00", "missing_lines": 0, "excluded_lines": 0, "num_branches": 0, "num_partial_branches": 0, "covered_branches": 0, "missing_branches": 0}, "missing_lines": [], "excluded_lines": [], "executed_branches": [], "missing_branches": []}, "GreatCircleOSRM.table": {"executed_lines": [184, 185, 186, 187, 188, 189, 190, 191, 192, 193, 194, 195], "summary": {"covered_lines": 12, "num_statements": 12, "percent_covered": 100.0, "percent_covered_display": "100.00", "missing_lines": 0, "excluded_lines": 0, "num_branches": 4, "num_partial_branches": 0, "covered_branches": 4, "missing_branches": 0}, "missing_lines": [], "excluded_lines": [], "executed_branches": [[186, 187], [186, 195], [189, 190], [189, 193]], "missing_branches": []}, "_parse_weights": {"executed_lines": [199, 200, 203, 204], "summary": {"covered_lines": 4, "num_statements": 5, "percent_covered": 71.42857142857143, "percent_covered_display": "71.43", "missing_lines": 1, "excluded_lines": 0, "num_branches": 2, "num_partial_branches": 1, "covered_branches": 1, "missing_branches": 1}, "missing_lines": [201], "excluded_lines": [], "executed_branches": [[200, 203]], "missing_branches": [[200, 201]]}, "config_validate": {"executed_lines": [209, 210, 211], "summary": {"covered_lines": 3, "num_statements": 6, "percent_covered": 50.0, "percent_covered_display": "50.00", "missing_lines": 3, "excluded_lines": 0, "num_branches": 0, "num_partial_branches": 0, "covered_branches": 0, "missing_branches": 0}, "missing_lines": [212, 213, 214], "excluded_lines": [], "executed_branches": [], "missing_branches": []}, "config_show": {"executed_lines": [], "summary": {"covered_lines": 0, "num_statements": 6, "percent_covered": 0.0, "percent_covered_display": "0.00", "missing_lines": 6, "excluded_lines": 0, "num_branches": 0, "num_partial_branches": 0, "covered_branches": 0, "missing_branches": 0}, "missing_lines": [219, 220, 221, 222, 223, 224], "excluded_lines": [], "executed_branches": [], "missing_branches": []}, "hex_info": {"executed_lines": [], "summary": {"covered_lines": 0, "num_statements": 6, "percent_covered": 0.0, "percent_covered_display": "0.00", "missing_lines": 6, "excluded_lines": 0, "num_branches": 2, "num_partial_branches": 0, "covered_branches": 0, "missing_branches": 2}, "missing_lines": [229, 230, 231, 232, 233, 234], "excluded_lines": [], "executed_branches": [], "missing_branches": [[233, -227], [233, 234]]}, "run_init": {"executed_lines": [239, 240, 245, 248], "summary": {"covered_lines": 4, "num_statements": 7, "percent_covered": 57.142857142857146, "percent_covered_display": "57.14", "missing_lines": 3, "excluded_lines": 0, "num_branches": 0, "num_partial_branches": 0, "covered_branches": 0, "missing_branches": 0}, "missing_lines": [241, 242, 243], "excluded_lines": [], "executed_branches": [], "missing_branches": []}, "run_show": {"executed_lines": [], "summary": {"covered_lines": 0, "num_statements": 5, "percent_covered": 0.0, "percent_covered_display": "0.00", "missing_lines": 5, "excluded_lines": 0, "num_branches": 2, "num_partial_branches": 0, "covered_branches": 0, "missing_branches": 2}, "missing_lines": [253, 254, 255, 256, 257], "excluded_lines": [], "executed_branches": [], "missing_branches": [[254, 255], [254, 257]]}, "run_list": {"executed_lines": [262, 263, 266, 267], "summary": {"covered_lines": 4, "num_statements": 6, "percent_covered": 70.0, "percent_covered_display": "70.00", "missing_lines": 2, "excluded_lines": 0, "num_branches": 4, "num_partial_branches": 1, "covered_branches": 3, "missing_branches": 1}, "missing_lines": [264, 265], "excluded_lines": [], "executed_branches": [[263, 266], [266, -260], [266, 267]], "missing_branches": [[263, 264]]}, "cli_ingest_places": {"executed_lines": [], "summary": {"covered_lines": 0, "num_statements": 3, "percent_covered": 0.0, "percent_covered_display": "0.00", "missing_lines": 3, "excluded_lines": 0, "num_branches": 0, "num_partial_branches": 0, "covered_branches": 0, "missing_branches": 0}, "missing_lines": [279, 280, 281], "excluded_lines": [], "executed_branches": [], "missing_branches": []}, "cli_ingest_gtfs": {"executed_lines": [], "summary": {"covered_lines": 0, "num_statements": 10, "percent_covered": 0.0, "percent_covered_display": "0.00", "missing_lines": 10, "excluded_lines": 0, "num_branches": 4, "num_partial_branches": 0, "covered_branches": 0, "missing_branches": 4}, "missing_lines": [289, 290, 291, 292, 293, 294, 295, 296, 297, 298], "excluded_lines": [], "executed_branches": [], "missing_branches": [[291, 292], [291, 294], [296, -284], [296, 297]]}, "cli_ingest_all": {"executed_lines": [], "summary": {"covered_lines": 0, "num_statements": 8, "percent_covered": 0.0, "percent_covered_display": "0.00", "missing_lines": 8, "excluded_lines": 0, "num_branches": 4, "num_partial_branches": 0, "covered_branches": 0, "missing_branches": 4}, "missing_lines": [308, 309, 310, 311, 312, 313, 314, 315], "excluded_lines": [], "executed_branches": [], "missing_branches": [[312, 313], [312, 315], [313, 312], [313, 314]]}, "cli_quality_report": {"executed_lines": [], "summary": {"covered_lines": 0, "num_statements": 3, "percent_covered": 0.0, "percent_covered_display": "0.00", "missing_lines": 3, "excluded_lines": 0, "num_branches": 0, "num_partial_branches": 0, "covered_branches": 0, "missing_branches": 0}, "missing_lines": [323, 324, 325], "excluded_lines": [], "executed_branches": [], "missing_branches": []}, "cli_list_snapshots": {"executed_lines": [332, 333, 334, 337, 338], "summary": {"covered_lines": 5, "num_statements": 7, "percent_covered": 72.72727272727273, "percent_covered_display": "72.73", "missing_lines": 2, "excluded_lines": 0, "num_branches": 4, "num_partial_branches": 1, "covered_branches": 3, "missing_branches": 1}, "missing_lines": [335, 336], "excluded_lines": [], "executed_branches": [[334, 337], [337, -328], [337, 338]], "missing_branches": [[334, 335]]}, "routing_build_osrm": {"executed_lines": [], "summary": {"covered_lines": 0, "num_statements": 4, "percent_covered": 0.0, "percent_covered_display": "0.00", "missing_lines": 4, "excluded_lines": 0, "num_branches": 0, "num_partial_branches": 0, "covered_branches": 0, "missing_branches": 0}, "missing_lines": [347, 348, 349, 350], "excluded_lines": [], "executed_branches": [], "missing_branches": []}, "routing_build_otp": {"executed_lines": [], "summary": {"covered_lines": 0, "num_statements": 4, "percent_covered": 0.0, "percent_covered_display": "0.00", "missing_lines": 4, "excluded_lines": 0, "num_branches": 0, "num_partial_branches": 0, "covered_branches": 0, "missing_branches": 0}, "missing_lines": [360, 361, 362, 366], "excluded_lines": [], "executed_branches": [], "missing_branches": []}, "cli_aggregate": {"executed_lines": [382, 383, 384, 385, 386, 387, 388, 389, 390, 391, 392, 393, 394, 395, 396, 397], "summary": {"covered_lines": 16, "num_statements": 16, "percent_covered": 90.0, "percent_covered_display": "90.00", "missing_lines": 0, "excluded_lines": 0, "num_branches": 4, "num_partial_branches": 2, "covered_branches": 2, "missing_branches": 2}, "missing_lines": [], "excluded_lines": [], "executed_branches": [[389, 390], [395, 396]], "missing_branches": [[389, 393], [395, -369]]}, "cli_show": {"executed_lines": [407, 408, 409, 412], "summary": {"covered_lines": 4, "num_statements": 6, "percent_covered": 62.5, "percent_covered_display": "62.50", "missing_lines": 2, "excluded_lines": 0, "num_branches": 2, "num_partial_branches": 1, "covered_branches": 1, "missing_branches": 1}, "missing_lines": [410, 411], "excluded_lines": [], "executed_branches": [[409, 412]], "missing_branches": [[409, 410]]}, "cli_export": {"executed_lines": [423, 424, 425, 428, 429, 430, 431, 432, 433, 434, 435, 436, 443, 453, 454, 455, 456], "summary": {"covered_lines": 17, "num_statements": 22, "percent_covered": 71.42857142857143, "percent_covered_display": "71.43", "missing_lines": 5, "excluded_lines": 0, "num_branches": 6, "num_partial_branches": 1, "covered_branches": 3, "missing_branches": 3}, "missing_lines": [426, 427, 444, 445, 446], "excluded_lines": [], "executed_branches": [[425, 428], [429, 430], [429, 453]], "missing_branches": [[425, 426], [444, 445], [444, 446]]}, "routing_compute_skims": {"executed_lines": [468, 469, 471, 472, 474, 475, 476, 477, 478, 479, 480, 481, 482], "summary": {"covered_lines": 13, "num_statements": 13, "percent_covered": 100.0, "percent_covered_display": "100.00", "missing_lines": 0, "excluded_lines": 0, "num_branches": 2, "num_partial_branches": 0, "covered_branches": 2, "missing_branches": 0}, "missing_lines": [], "excluded_lines": [], "executed_branches": [[471, 472], [471, 474]], "missing_branches": []}, "score_ea": {"executed_lines": [493, 494, 495, 496, 499, 500, 501, 502, 503, 507, 508, 509, 510, 511, 512, 514, 515], "summary": {"covered_lines": 17, "num_statements": 19, "percent_covered": 81.48148148148148, "percent_covered_display": "81.48", "missing_lines": 2, "excluded_lines": 0, "num_branches": 8, "num_partial_branches": 3, "covered_branches": 5, "missing_branches": 3}, "missing_lines": [513, 516], "excluded_lines": [], "executed_branches": [[495, 496], [495, 502], [499, 500], [512, 514], [515, -485]], "missing_branches": [[499, 502], [512, 513], [515, 516]]}, "calibrate_ea": {"executed_lines": [], "summary": {"covered_lines": 0, "num_statements": 9, "percent_covered": 0.0, "percent_covered_display": "0.00", "missing_lines": 9, "excluded_lines": 0, "num_branches": 0, "num_partial_branches": 0, "covered_branches": 0, "missing_branches": 0}, "missing_lines": [528, 529, 530, 531, 535, 536, 537, 538, 539], "excluded_lines": [], "executed_branches": [], "missing_branches": []}, "": {"executed_lines": [2, 4, 5, 6, 7, 8, 10, 11, 12, 14, 15, 16, 17, 18, 19, 20, 21, 22, 23, 24, 25, 26, 27, 28, 29, 30, 31, 32, 33, 34, 39, 40, 42, 43, 44, 46, 48, 49, 50, 51, 52, 53, 54, 55, 58, 59, 114, 123, 129, 145, 149, 154, 167, 168, 171, 174, 179, 198, 207, 208, 217, 218, 227, 228, 237, 238, 251, 252, 260, 261, 270, 271, 284, 285, 301, 302, 318, 319, 328, 329, 341, 342, 353, 354, 369, 370, 400, 401, 415, 416, 459, 460, 485, 486, 519, 520, 542, 543, 544, 545, 546, 547, 548, 549, 552], "summary": {"covered_lines": 105, "num_statements": 106, "percent_covered": 98.14814814814815, "percent_covered_display": "98.15", "missing_lines": 1, "excluded_lines": 0, "num_branches": 2, "num_partial_branches": 1, "covered_branches": 1, "missing_branches": 1}, "missing_lines": [553], "excluded_lines": [], "executed_branches": [[552, -1]], "missing_branches": [[552, 553]]}}, "classes": {"GreatCircleOSRM": {"executed_lines": [169, 172, 175, 176, 177, 184, 185, 186, 187, 188, 189, 190, 191, 192, 193, 194, 195], "summary": {"covered_lines": 17, "num_statements": 17, "percent_covered": 100.0, "percent_covered_display": "100.00", "missing_lines": 0, "excluded_lines": 0, "num_branches": 4, "num_partial_branches": 0, "covered_branches": 4, "missing_branches": 0}, "missing_lines": [], "excluded_lines": [], "executed_branches": [[186, 187], [186, 195], [189, 190], [189, 193]], "missing_branches": []}, "": {"executed_lines": [2, 4, 5, 6, 7, 8, 10, 11, 12, 14, 15, 16, 17, 18, 19, 20, 21, 22, 23, 24, 25, 26, 27, 28, 29, 30, 31, 32, 33, 34, 39, 40, 42, 43, 44, 46, 48, 49, 50, 51, 52, 53, 54, 55, 58, 59, 114, 123, 124, 125, 126, 129, 130, 132, 133, 134, 136, 138, 139, 140, 142, 145, 146, 149, 150, 151, 154, 155, 157, 158, 159, 160, 161, 162, 163, 164, 167, 168, 171, 174, 179, 198, 199, 200, 203, 204, 207, 208, 209, 210, 211, 217, 218, 227, 228, 237, 238, 239, 240, 245, 248, 251, 252, 260, 261, 262, 263, 266, 267, 270, 271, 284, 285, 301, 302, 318, 319, 328, 329, 332, 333, 334, 337, 338, 341, 342, 353, 354, 369, 370, 382, 383, 384, 385, 386, 387, 388, 389, 390, 391, 392, 393, 394, 395, 396, 397, 400, 401, 407, 408, 409, 412, 415, 416, 423, 424, 425, 428, 429, 430, 431, 432, 433, 434, 435, 436, 443, 453, 454, 455, 456, 459, 460, 468, 469, 471, 472, 474, 475, 476, 477, 478, 479, 480, 481, 482, 485, 486, 493, 494, 495, 496, 499, 500, 501, 502, 503, 507, 508, 509, 510, 511, 512, 514, 515, 519, 520, 542, 543, 544, 545, 546, 547, 548, 549, 552], "summary": {"covered_lines": 216, "num_statements": 316, "percent_covered": 63.98963730569948, "percent_covered_display": "63.99", "missing_lines": 100, "excluded_lines": 0, "num_branches": 70, "num_partial_branches": 15, "covered_branches": 31, "missing_branches": 39}, "missing_lines": [91, 92, 93, 97, 105, 106, 107, 108, 109, 110, 111, 115, 116, 117, 118, 119, 120, 131, 135, 137, 141, 201, 212, 213, 214, 219, 220, 221, 222, 223, 224, 229, 230, 231, 232, 233, 234, 241, 242, 243, 253, 254, 255, 256, 257, 264, 265, 279, 280, 281, 289, 290, 291, 292, 293, 294, 295, 296, 297, 298, 308, 309, 310, 311, 312, 313, 314, 315, 323, 324, 325, 335, 336, 347, 348, 349, 350, 360, 361, 362, 366, 410, 411, 426, 427, 444, 445, 446, 513, 516, 528, 529, 530, 531, 535, 536, 537, 538, 539, 553], "excluded_lines": [], "executed_branches": [[124, 125], [124, 126], [130, 132], [132, 133], [132, 134], [134, 136], [136, 138], [138, 139], [138, 140], [140, 142], [200, 203], [263, 266], [266, -260], [266, 267], [334, 337], [337, -328], [337, 338], [389, 390], [395, 396], [409, 412], [425, 428], [429, 430], [429, 453], [471, 472], [471, 474], [495, 496], [495, 502], [499, 500], [512, 514], [515, -485], [552, -1]], "missing_branches": [[91, 92], [91, 93], [107, 108], [107, 110], [110, -58], [110, 111], [115, 116], [115, 117], [118, 119], [118, 120], [130, 131], [134, 135], [136, 137], [140, 141], [200, 201], [233, -227], [233, 234], [254, 255], [254, 257], [263, 264], [291, 292], [291, 294], [296, -284], [296, 297], [312, 313], [312, 315], [313, 312], [313, 314], [334, 335], [389, 393], [395, -369], [409, 410], [425, 426], [444, 445], [444, 446], [499, 502], [512, 513], [515, 516], [552, 553]]}}}, "src/Urban_Amenities2/config/__init__.py": {"executed_lines": [], "summary": {"covered_lines": 0, "num_statements": 0, "percent_covered": 100.0, "percent_covered_display": "100.00", "missing_lines": 0, "excluded_lines": 0, "num_branches": 0, "num_partial_branches": 0, "covered_branches": 0, "missing_branches": 0}, "missing_lines": [], "excluded_lines": [], "executed_branches": [], "missing_branches": [], "functions": {"": {"executed_lines": [], "summary": {"covered_lines": 0, "num_statements": 0, "percent_covered": 100.0, "percent_covered_display": "100.00", "missing_lines": 0, "excluded_lines": 0, "num_branches": 0, "num_partial_branches": 0, "covered_branches": 0, "missing_branches": 0}, "missing_lines": [], "excluded_lines": [], "executed_branches": [], "missing_branches": []}}, "classes": {"": {"executed_lines": [], "summary": {"covered_lines": 0, "num_statements": 0, "percent_covered": 100.0, "percent_covered_display": "100.00", "missing_lines": 0, "excluded_lines": 0, "num_branches": 0, "num_partial_branches": 0, "covered_branches": 0, "missing_branches": 0}, "missing_lines": [], "excluded_lines": [], "executed_branches": [], "missing_branches": []}}}, "src/Urban_Amenities2/config/loader.py": {"executed_lines": [1, 2, 4, 5, 6, 7, 9, 10, 12, 13, 15, 16, 19, 20, 22, 25, 26, 27, 28, 29, 30, 31, 34, 37, 38, 39, 42, 45, 46, 49, 50, 54, 57, 58, 59, 60, 62, 65], "summary": {"covered_lines": 36, "num_statements": 59, "percent_covered": 55.69620253164557, "percent_covered_display": "55.70", "missing_lines": 23, "excluded_lines": 2, "num_branches": 20, "num_partial_branches": 2, "covered_branches": 8, "missing_branches": 12}, "missing_lines": [47, 55, 68, 69, 70, 72, 73, 74, 76, 77, 78, 79, 83, 84, 85, 86, 90, 91, 92, 93, 94, 95, 97], "excluded_lines": [51, 52], "executed_branches": [[25, 26], [25, 27], [27, 28], [27, 29], [29, 30], [29, 31], [46, 49], [54, 57]], "missing_branches": [[46, 47], [54, 55], [73, 74], [73, 76], [78, 79], [78, 83], [85, 86], [85, 90], [91, 92], [91, 97], [94, 95], [94, 97]], "functions": {"_normalise": {"executed_lines": [25, 26, 27, 28, 29, 30, 31], "summary": {"covered_lines": 7, "num_statements": 7, "percent_covered": 100.0, "percent_covered_display": "100.00", "missing_lines": 0, "excluded_lines": 0, "num_branches": 6, "num_partial_branches": 0, "covered_branches": 6, "missing_branches": 0}, "missing_lines": [], "excluded_lines": [], "executed_branches": [[25, 26], [25, 27], [27, 28], [27, 29], [29, 30], [29, 31]], "missing_branches": []}, "compute_param_hash": {"executed_lines": [37, 38, 39], "summary": {"covered_lines": 3, "num_statements": 3, "percent_covered": 100.0, "percent_covered_display": "100.00", "missing_lines": 0, "excluded_lines": 0, "num_branches": 0, "num_partial_branches": 0, "covered_branches": 0, "missing_branches": 0}, "missing_lines": [], "excluded_lines": [], "executed_branches": [], "missing_branches": []}, "load_params": {"executed_lines": [45, 46, 49, 50, 54, 57, 58, 59, 60, 62], "summary": {"covered_lines": 10, "num_statements": 12, "percent_covered": 75.0, "percent_covered_display": "75.00", "missing_lines": 2, "excluded_lines": 2, "num_branches": 4, "num_partial_branches": 2, "covered_branches": 2, "missing_branches": 2}, "missing_lines": [47, 55], "excluded_lines": [51, 52], "executed_branches": [[46, 49], [54, 57]], "missing_branches": [[46, 47], [54, 55]]}, "load_and_document": {"executed_lines": [], "summary": {"covered_lines": 0, "num_statements": 21, "percent_covered": 0.0, "percent_covered_display": "0.00", "missing_lines": 21, "excluded_lines": 0, "num_branches": 10, "num_partial_branches": 0, "covered_branches": 0, "missing_branches": 10}, "missing_lines": [68, 69, 70, 72, 73, 74, 76, 77, 78, 79, 83, 84, 85, 86, 90, 91, 92, 93, 94, 95, 97], "excluded_lines": [], "executed_branches": [], "missing_branches": [[73, 74], [73, 76], [78, 79], [78, 83], [85, 86], [85, 90], [91, 92], [91, 97], [94, 95], [94, 97]]}, "": {"executed_lines": [1, 2, 4, 5, 6, 7, 9, 10, 12, 13, 15, 16, 19, 20, 22, 34, 42, 65], "summary": {"covered_lines": 16, "num_statements": 16, "percent_covered": 100.0, "percent_covered_display": "100.00", "missing_lines": 0, "excluded_lines": 0, "num_branches": 0, "num_partial_branches": 0, "covered_branches": 0, "missing_branches": 0}, "missing_lines": [], "excluded_lines": [], "executed_branches": [], "missing_branches": []}}, "classes": {"ParameterLoadError": {"executed_lines": [], "summary": {"covered_lines": 0, "num_statements": 0, "percent_covered": 100.0, "percent_covered_display": "100.00", "missing_lines": 0, "excluded_lines": 0, "num_branches": 0, "num_partial_branches": 0, "covered_branches": 0, "missing_branches": 0}, "missing_lines": [], "excluded_lines": [], "executed_branches": [], "missing_branches": []}, "": {"executed_lines": [1, 2, 4, 5, 6, 7, 9, 10, 12, 13, 15, 16, 19, 20, 22, 25, 26, 27, 28, 29, 30, 31, 34, 37, 38, 39, 42, 45, 46, 49, 50, 54, 57, 58, 59, 60, 62, 65], "summary": {"covered_lines": 36, "num_statements": 59, "percent_covered": 55.69620253164557, "percent_covered_display": "55.70", "missing_lines": 23, "excluded_lines": 2, "num_branches": 20, "num_partial_branches": 2, "covered_branches": 8, "missing_branches": 12}, "missing_lines": [47, 55, 68, 69, 70, 72, 73, 74, 76, 77, 78, 79, 83, 84, 85, 86, 90, 91, 92, 93, 94, 95, 97], "excluded_lines": [51, 52], "executed_branches": [[25, 26], [25, 27], [27, 28], [27, 29], [29, 30], [29, 31], [46, 49], [54, 57]], "missing_branches": [[46, 47], [54, 55], [73, 74], [73, 76], [78, 79], [78, 83], [85, 86], [85, 90], [91, 92], [91, 97], [94, 95], [94, 97]]}}}, "src/Urban_Amenities2/config/params.py": {"executed_lines": [1, 2, 4, 5, 6, 8, 11, 12, 14, 20, 21, 23, 24, 25, 27, 28, 29, 32, 35, 36, 38, 39, 40, 41, 42, 43, 44, 46, 47, 48, 52, 53, 54, 55, 58, 59, 61, 62, 63, 66, 67, 69, 70, 71, 72, 73, 74, 75, 76, 77, 78, 80, 81, 84, 86, 89, 90, 92, 93, 94, 95, 98, 99, 101, 104, 105, 107, 108, 111, 112, 114, 115, 116, 117, 118, 121, 122, 124, 125, 126, 128, 129, 130, 133, 136, 137, 139, 140, 141, 142, 143, 144, 145, 147, 150, 152, 167, 168, 171, 172, 173, 174, 175, 178, 179, 182, 183, 184, 185, 186, 187, 188, 191, 194, 195, 198, 200, 210, 211, 213, 214, 215, 218, 219, 220, 221, 222, 224, 225, 226, 228, 229, 232, 235, 236, 237, 238, 239, 240, 242, 243, 244, 246, 248, 250, 251, 253, 256, 257, 258, 261, 262, 263, 264, 265, 266, 269, 270, 271, 272, 273, 276, 277, 278, 279, 280, 281, 282, 283, 284, 285, 287, 288, 289, 290, 293, 296, 297, 298, 301, 302, 303, 306, 307, 308, 309, 312, 313, 314, 315, 316, 319, 320, 322, 323, 324, 325, 326, 327, 328, 329, 330, 331, 332, 333, 334, 335, 336, 337, 338, 340, 341, 342, 343, 344, 345, 348, 350, 355, 358, 360, 363, 365, 368, 369], "summary": {"covered_lines": 211, "num_statements": 258, "percent_covered": 75.15527950310559, "percent_covered_display": "75.16", "missing_lines": 47, "excluded_lines": 0, "num_branches": 64, "num_partial_branches": 17, "covered_branches": 31, "missing_branches": 33}, "missing_lines": [30, 31, 131, 132, 153, 154, 155, 156, 157, 158, 159, 160, 161, 162, 163, 164, 165, 166, 169, 170, 176, 177, 180, 189, 190, 193, 196, 197, 201, 202, 203, 204, 205, 206, 207, 227, 230, 231, 245, 247, 249, 252, 291, 292, 346, 347, 353], "excluded_lines": [], "executed_branches": [[29, 32], [52, 53], [52, 55], [130, 133], [152, 167], [167, 168], [168, 171], [172, 173], [172, 179], [175, 178], [184, 185], [186, 187], [186, 194], [188, 191], [194, 195], [194, 198], [195, 194], [226, 228], [229, 232], [244, 246], [246, 248], [248, 250], [251, 253], [289, 290], [289, 293], [290, 289], [343, 344], [343, 348], [345, 343], [368, -365], [368, 369]], "missing_branches": [[29, 30], [130, 131], [152, 153], [153, 154], [153, 161], [155, 156], [155, 160], [156, 157], [156, 159], [161, 162], [161, 165], [162, 163], [162, 164], [167, 180], [168, 169], [175, 176], [184, 193], [188, 189], [195, 196], [201, 202], [201, 203], [203, 204], [203, 205], [205, 206], [205, 207], [226, 227], [229, 230], [244, 245], [246, 247], [248, 249], [251, 252], [290, 291], [345, 346]], "functions": {"GridConfig._validate_isochrones": {"executed_lines": [29, 32], "summary": {"covered_lines": 2, "num_statements": 4, "percent_covered": 50.0, "percent_covered_display": "50.00", "missing_lines": 2, "excluded_lines": 0, "num_branches": 2, "num_partial_branches": 1, "covered_branches": 1, "missing_branches": 1}, "missing_lines": [30, 31], "excluded_lines": [], "executed_branches": [[29, 32]], "missing_branches": [[29, 30]]}, "SubscoreWeights._check_total": {"executed_lines": [48, 52, 53, 54, 55], "summary": {"covered_lines": 5, "num_statements": 5, "percent_covered": 100.0, "percent_covered_display": "100.00", "missing_lines": 0, "excluded_lines": 0, "num_branches": 2, "num_partial_branches": 0, "covered_branches": 2, "missing_branches": 0}, "missing_lines": [], "excluded_lines": [], "executed_branches": [[52, 53], [52, 55]], "missing_branches": []}, "ModeConfig.decay_alpha": {"executed_lines": [84, 86], "summary": {"covered_lines": 2, "num_statements": 2, "percent_covered": 100.0, "percent_covered_display": "100.00", "missing_lines": 0, "excluded_lines": 0, "num_branches": 0, "num_partial_branches": 0, "covered_branches": 0, "missing_branches": 0}, "missing_lines": [], "excluded_lines": [], "executed_branches": [], "missing_branches": []}, "CategoryDiversityConfig._check_range": {"executed_lines": [130, 133], "summary": {"covered_lines": 2, "num_statements": 4, "percent_covered": 50.0, "percent_covered_display": "50.00", "missing_lines": 2, "excluded_lines": 0, "num_branches": 2, "num_partial_branches": 1, "covered_branches": 1, "missing_branches": 1}, "missing_lines": [131, 132], "excluded_lines": [], "executed_branches": [[130, 133]], "missing_branches": [[130, 131]]}, "CategoryConfig.derived_satiation": {"executed_lines": [150, 152, 167, 168, 171, 172, 173, 174, 175, 178, 179], "summary": {"covered_lines": 11, "num_statements": 30, "percent_covered": 34.0, "percent_covered_display": "34.00", "missing_lines": 19, "excluded_lines": 0, "num_branches": 20, "num_partial_branches": 4, "covered_branches": 6, "missing_branches": 14}, "missing_lines": [153, 154, 155, 156, 157, 158, 159, 160, 161, 162, 163, 164, 165, 166, 169, 170, 176, 177, 180], "excluded_lines": [], "executed_branches": [[152, 167], [167, 168], [168, 171], [172, 173], [172, 179], [175, 178]], "missing_branches": [[152, 153], [153, 154], [153, 161], [155, 156], [155, 160], [156, 157], [156, 159], [161, 162], [161, 165], [162, 163], [162, 164], [167, 180], [168, 169], [175, 176]]}, "CategoryConfig.derived_rho": {"executed_lines": [183, 184, 185, 186, 187, 188, 191, 194, 195, 198], "summary": {"covered_lines": 10, "num_statements": 15, "percent_covered": 68.0, "percent_covered_display": "68.00", "missing_lines": 5, "excluded_lines": 0, "num_branches": 10, "num_partial_branches": 3, "covered_branches": 7, "missing_branches": 3}, "missing_lines": [189, 190, 193, 196, 197], "excluded_lines": [], "executed_branches": [[184, 185], [186, 187], [186, 194], [188, 191], [194, 195], [194, 198], [195, 194]], "missing_branches": [[184, 193], [188, 189], [195, 196]]}, "CategoryConfig.get_diversity": {"executed_lines": [], "summary": {"covered_lines": 0, "num_statements": 7, "percent_covered": 0.0, "percent_covered_display": "0.00", "missing_lines": 7, "excluded_lines": 0, "num_branches": 6, "num_partial_branches": 0, "covered_branches": 0, "missing_branches": 6}, "missing_lines": [201, 202, 203, 204, 205, 206, 207], "excluded_lines": [], "executed_branches": [], "missing_branches": [[201, 202], [201, 203], [203, 204], [203, 205], [205, 206], [205, 207]]}, "LeisureCrossCategoryConfig._validate_weights": {"executed_lines": [226, 228, 229, 232], "summary": {"covered_lines": 4, "num_statements": 7, "percent_covered": 54.54545454545455, "percent_covered_display": "54.55", "missing_lines": 3, "excluded_lines": 0, "num_branches": 4, "num_partial_branches": 2, "covered_branches": 2, "missing_branches": 2}, "missing_lines": [227, 230, 231], "excluded_lines": [], "executed_branches": [[226, 228], [229, 232]], "missing_branches": [[226, 227], [229, 230]]}, "HubsAirportsConfig._validate_config": {"executed_lines": [244, 246, 248, 250, 251, 253], "summary": {"covered_lines": 6, "num_statements": 10, "percent_covered": 55.55555555555556, "percent_covered_display": "55.56", "missing_lines": 4, "excluded_lines": 0, "num_branches": 8, "num_partial_branches": 4, "covered_branches": 4, "missing_branches": 4}, "missing_lines": [245, 247, 249, 252], "excluded_lines": [], "executed_branches": [[244, 246], [246, 248], [248, 250], [251, 253]], "missing_branches": [[244, 245], [246, 247], [248, 249], [251, 252]]}, "CorridorConfig._validate_pairs": {"executed_lines": [289, 290, 293], "summary": {"covered_lines": 3, "num_statements": 5, "percent_covered": 66.66666666666667, "percent_covered_display": "66.67", "missing_lines": 2, "excluded_lines": 0, "num_branches": 4, "num_partial_branches": 1, "covered_branches": 3, "missing_branches": 1}, "missing_lines": [291, 292], "excluded_lines": [], "executed_branches": [[289, 290], [289, 293], [290, 289]], "missing_branches": [[290, 291]]}, "AUCSParams._validate_relationships": {"executed_lines": [342, 343, 344, 345, 348], "summary": {"covered_lines": 5, "num_statements": 7, "percent_covered": 72.72727272727273, "percent_covered_display": "72.73", "missing_lines": 2, "excluded_lines": 0, "num_branches": 4, "num_partial_branches": 1, "covered_branches": 3, "missing_branches": 1}, "missing_lines": [346, 347], "excluded_lines": [], "executed_branches": [[343, 344], [343, 348], [345, 343]], "missing_branches": [[345, 346]]}, "AUCSParams.derived_mode_alphas": {"executed_lines": [], "summary": {"covered_lines": 0, "num_statements": 1, "percent_covered": 0.0, "percent_covered_display": "0.00", "missing_lines": 1, "excluded_lines": 0, "num_branches": 0, "num_partial_branches": 0, "covered_branches": 0, "missing_branches": 0}, "missing_lines": [353], "excluded_lines": [], "executed_branches": [], "missing_branches": []}, "AUCSParams.derived_satiation": {"executed_lines": [358], "summary": {"covered_lines": 1, "num_statements": 1, "percent_covered": 100.0, "percent_covered_display": "100.00", "missing_lines": 0, "excluded_lines": 0, "num_branches": 0, "num_partial_branches": 0, "covered_branches": 0, "missing_branches": 0}, "missing_lines": [], "excluded_lines": [], "executed_branches": [], "missing_branches": []}, "AUCSParams.derived_ces_rho": {"executed_lines": [363], "summary": {"covered_lines": 1, "num_statements": 1, "percent_covered": 100.0, "percent_covered_display": "100.00", "missing_lines": 0, "excluded_lines": 0, "num_branches": 0, "num_partial_branches": 0, "covered_branches": 0, "missing_branches": 0}, "missing_lines": [], "excluded_lines": [], "executed_branches": [], "missing_branches": []}, "AUCSParams.iter_time_slice_ids": {"executed_lines": [368, 369], "summary": {"covered_lines": 2, "num_statements": 2, "percent_covered": 100.0, "percent_covered_display": "100.00", "missing_lines": 0, "excluded_lines": 0, "num_branches": 2, "num_partial_branches": 0, "covered_branches": 2, "missing_branches": 0}, "missing_lines": [], "excluded_lines": [], "executed_branches": [[368, -365], [368, 369]], "missing_branches": []}, "": {"executed_lines": [1, 2, 4, 5, 6, 8, 11, 12, 14, 20, 21, 23, 24, 25, 27, 28, 35, 36, 38, 39, 40, 41, 42, 43, 44, 46, 47, 58, 59, 61, 62, 63, 66, 67, 69, 70, 71, 72, 73, 74, 75, 76, 77, 78, 80, 81, 89, 90, 92, 93, 94, 95, 98, 99, 101, 104, 105, 107, 108, 111, 112, 114, 115, 116, 117, 118, 121, 122, 124, 125, 126, 128, 129, 136, 137, 139, 140, 141, 142, 143, 144, 145, 147, 182, 200, 210, 211, 213, 214, 215, 218, 219, 220, 221, 222, 224, 225, 235, 236, 237, 238, 239, 240, 242, 243, 256, 257, 258, 261, 262, 263, 264, 265, 266, 269, 270, 271, 272, 273, 276, 277, 278, 279, 280, 281, 282, 283, 284, 285, 287, 288, 296, 297, 298, 301, 302, 303, 306, 307, 308, 309, 312, 313, 314, 315, 316, 319, 320, 322, 323, 324, 325, 326, 327, 328, 329, 330, 331, 332, 333, 334, 335, 336, 337, 338, 340, 341, 350, 355, 360, 365], "summary": {"covered_lines": 157, "num_statements": 157, "percent_covered": 100.0, "percent_covered_display": "100.00", "missing_lines": 0, "excluded_lines": 0, "num_branches": 0, "num_partial_branches": 0, "covered_branches": 0, "missing_branches": 0}, "missing_lines": [], "excluded_lines": [], "executed_branches": [], "missing_branches": []}}, "classes": {"_BaseConfig": {"executed_lines": [], "summary": {"covered_lines": 0, "num_statements": 0, "percent_covered": 100.0, "percent_covered_display": "100.00", "missing_lines": 0, "excluded_lines": 0, "num_branches": 0, "num_partial_branches": 0, "covered_branches": 0, "missing_branches": 0}, "missing_lines": [], "excluded_lines": [], "executed_branches": [], "missing_branches": []}, "GridConfig": {"executed_lines": [29, 32], "summary": {"covered_lines": 2, "num_statements": 4, "percent_covered": 50.0, "percent_covered_display": "50.00", "missing_lines": 2, "excluded_lines": 0, "num_branches": 2, "num_partial_branches": 1, "covered_branches": 1, "missing_branches": 1}, "missing_lines": [30, 31], "excluded_lines": [], "executed_branches": [[29, 32]], "missing_branches": [[29, 30]]}, "SubscoreWeights": {"executed_lines": [48, 52, 53, 54, 55], "summary": {"covered_lines": 5, "num_statements": 5, "percent_covered": 100.0, "percent_covered_display": "100.00", "missing_lines": 0, "excluded_lines": 0, "num_branches": 2, "num_partial_branches": 0, "covered_branches": 2, "missing_branches": 0}, "missing_lines": [], "excluded_lines": [], "executed_branches": [[52, 53], [52, 55]], "missing_branches": []}, "TimeSliceConfig": {"executed_lines": [], "summary": {"covered_lines": 0, "num_statements": 0, "percent_covered": 100.0, "percent_covered_display": "100.00", "missing_lines": 0, "excluded_lines": 0, "num_branches": 0, "num_partial_branches": 0, "covered_branches": 0, "missing_branches": 0}, "missing_lines": [], "excluded_lines": [], "executed_branches": [], "missing_branches": []}, "ModeConfig": {"executed_lines": [84, 86], "summary": {"covered_lines": 2, "num_statements": 2, "percent_covered": 100.0, "percent_covered_display": "100.00", "missing_lines": 0, "excluded_lines": 0, "num_branches": 0, "num_partial_branches": 0, "covered_branches": 0, "missing_branches": 0}, "missing_lines": [], "excluded_lines": [], "executed_branches": [], "missing_branches": []}, "NestConfig": {"executed_lines": [], "summary": {"covered_lines": 0, "num_statements": 0, "percent_covered": 100.0, "percent_covered_display": "100.00", "missing_lines": 0, "excluded_lines": 0, "num_branches": 0, "num_partial_branches": 0, "covered_branches": 0, "missing_branches": 0}, "missing_lines": [], "excluded_lines": [], "executed_branches": [], "missing_branches": []}, "LogitConfig": {"executed_lines": [], "summary": {"covered_lines": 0, "num_statements": 0, "percent_covered": 100.0, "percent_covered_display": "100.00", "missing_lines": 0, "excluded_lines": 0, "num_branches": 0, "num_partial_branches": 0, "covered_branches": 0, "missing_branches": 0}, "missing_lines": [], "excluded_lines": [], "executed_branches": [], "missing_branches": []}, "CarryPenaltyConfig": {"executed_lines": [], "summary": {"covered_lines": 0, "num_statements": 0, "percent_covered": 100.0, "percent_covered_display": "100.00", "missing_lines": 0, "excluded_lines": 0, "num_branches": 0, "num_partial_branches": 0, "covered_branches": 0, "missing_branches": 0}, "missing_lines": [], "excluded_lines": [], "executed_branches": [], "missing_branches": []}, "QualityConfig": {"executed_lines": [], "summary": {"covered_lines": 0, "num_statements": 0, "percent_covered": 100.0, "percent_covered_display": "100.00", "missing_lines": 0, "excluded_lines": 0, "num_branches": 0, "num_partial_branches": 0, "covered_branches": 0, "missing_branches": 0}, "missing_lines": [], "excluded_lines": [], "executed_branches": [], "missing_branches": []}, "CategoryDiversityConfig": {"executed_lines": [130, 133], "summary": {"covered_lines": 2, "num_statements": 4, "percent_covered": 50.0, "percent_covered_display": "50.00", "missing_lines": 2, "excluded_lines": 0, "num_branches": 2, "num_partial_branches": 1, "covered_branches": 1, "missing_branches": 1}, "missing_lines": [131, 132], "excluded_lines": [], "executed_branches": [[130, 133]], "missing_branches": [[130, 131]]}, "CategoryConfig": {"executed_lines": [150, 152, 167, 168, 171, 172, 173, 174, 175, 178, 179, 183, 184, 185, 186, 187, 188, 191, 194, 195, 198], "summary": {"covered_lines": 21, "num_statements": 52, "percent_covered": 38.63636363636363, "percent_covered_display": "38.64", "missing_lines": 31, "excluded_lines": 0, "num_branches": 36, "num_partial_branches": 7, "covered_branches": 13, "missing_branches": 23}, "missing_lines": [153, 154, 155, 156, 157, 158, 159, 160, 161, 162, 163, 164, 165, 166, 169, 170, 176, 177, 180, 189, 190, 193, 196, 197, 201, 202, 203, 204, 205, 206, 207], "excluded_lines": [], "executed_branches": [[152, 167], [167, 168], [168, 171], [172, 173], [172, 179], [175, 178], [184, 185], [186, 187], [186, 194], [188, 191], [194, 195], [194, 198], [195, 194]], "missing_branches": [[152, 153], [153, 154], [153, 161], [155, 156], [155, 160], [156, 157], [156, 159], [161, 162], [161, 165], [162, 163], [162, 164], [167, 180], [168, 169], [175, 176], [184, 193], [188, 189], [195, 196], [201, 202], [201, 203], [203, 204], [203, 205], [205, 206], [205, 207]]}, "NoveltyBonusConfig": {"executed_lines": [], "summary": {"covered_lines": 0, "num_statements": 0, "percent_covered": 100.0, "percent_covered_display": "100.00", "missing_lines": 0, "excluded_lines": 0, "num_branches": 0, "num_partial_branches": 0, "covered_branches": 0, "missing_branches": 0}, "missing_lines": [], "excluded_lines": [], "executed_branches": [], "missing_branches": []}, "LeisureCrossCategoryConfig": {"executed_lines": [226, 228, 229, 232], "summary": {"covered_lines": 4, "num_statements": 7, "percent_covered": 54.54545454545455, "percent_covered_display": "54.55", "missing_lines": 3, "excluded_lines": 0, "num_branches": 4, "num_partial_branches": 2, "covered_branches": 2, "missing_branches": 2}, "missing_lines": [227, 230, 231], "excluded_lines": [], "executed_branches": [[226, 228], [229, 232]], "missing_branches": [[226, 227], [229, 230]]}, "HubsAirportsConfig": {"executed_lines": [244, 246, 248, 250, 251, 253], "summary": {"covered_lines": 6, "num_statements": 10, "percent_covered": 55.55555555555556, "percent_covered_display": "55.56", "missing_lines": 4, "excluded_lines": 0, "num_branches": 8, "num_partial_branches": 4, "covered_branches": 4, "missing_branches": 4}, "missing_lines": [245, 247, 249, 252], "excluded_lines": [], "executed_branches": [[244, 246], [246, 248], [248, 250], [251, 253]], "missing_branches": [[244, 245], [246, 247], [248, 249], [251, 252]]}, "JobsEducationConfig": {"executed_lines": [], "summary": {"covered_lines": 0, "num_statements": 0, "percent_covered": 100.0, "percent_covered_display": "100.00", "missing_lines": 0, "excluded_lines": 0, "num_branches": 0, "num_partial_branches": 0, "covered_branches": 0, "missing_branches": 0}, "missing_lines": [], "excluded_lines": [], "executed_branches": [], "missing_branches": []}, "MORRConfig": {"executed_lines": [], "summary": {"covered_lines": 0, "num_statements": 0, "percent_covered": 100.0, "percent_covered_display": "100.00", "missing_lines": 0, "excluded_lines": 0, "num_branches": 0, "num_partial_branches": 0, "covered_branches": 0, "missing_branches": 0}, "missing_lines": [], "excluded_lines": [], "executed_branches": [], "missing_branches": []}, "HubDefinitionConfig": {"executed_lines": [], "summary": {"covered_lines": 0, "num_statements": 0, "percent_covered": 100.0, "percent_covered_display": "100.00", "missing_lines": 0, "excluded_lines": 0, "num_branches": 0, "num_partial_branches": 0, "covered_branches": 0, "missing_branches": 0}, "missing_lines": [], "excluded_lines": [], "executed_branches": [], "missing_branches": []}, "CorridorConfig": {"executed_lines": [289, 290, 293], "summary": {"covered_lines": 3, "num_statements": 5, "percent_covered": 66.66666666666667, "percent_covered_display": "66.67", "missing_lines": 2, "excluded_lines": 0, "num_branches": 4, "num_partial_branches": 1, "covered_branches": 3, "missing_branches": 1}, "missing_lines": [291, 292], "excluded_lines": [], "executed_branches": [[289, 290], [289, 293], [290, 289]], "missing_branches": [[290, 291]]}, "SeasonalityConfig": {"executed_lines": [], "summary": {"covered_lines": 0, "num_statements": 0, "percent_covered": 100.0, "percent_covered_display": "100.00", "missing_lines": 0, "excluded_lines": 0, "num_branches": 0, "num_partial_branches": 0, "covered_branches": 0, "missing_branches": 0}, "missing_lines": [], "excluded_lines": [], "executed_branches": [], "missing_branches": []}, "NormalizationStandard": {"executed_lines": [], "summary": {"covered_lines": 0, "num_statements": 0, "percent_covered": 100.0, "percent_covered_display": "100.00", "missing_lines": 0, "excluded_lines": 0, "num_branches": 0, "num_partial_branches": 0, "covered_branches": 0, "missing_branches": 0}, "missing_lines": [], "excluded_lines": [], "executed_branches": [], "missing_branches": []}, "NormalizationConfig": {"executed_lines": [], "summary": {"covered_lines": 0, "num_statements": 0, "percent_covered": 100.0, "percent_covered_display": "100.00", "missing_lines": 0, "excluded_lines": 0, "num_branches": 0, "num_partial_branches": 0, "covered_branches": 0, "missing_branches": 0}, "missing_lines": [], "excluded_lines": [], "executed_branches": [], "missing_branches": []}, "ComputeConfig": {"executed_lines": [], "summary": {"covered_lines": 0, "num_statements": 0, "percent_covered": 100.0, "percent_covered_display": "100.00", "missing_lines": 0, "excluded_lines": 0, "num_branches": 0, "num_partial_branches": 0, "covered_branches": 0, "missing_branches": 0}, "missing_lines": [], "excluded_lines": [], "executed_branches": [], "missing_branches": []}, "AUCSParams": {"executed_lines": [342, 343, 344, 345, 348, 358, 363, 368, 369], "summary": {"covered_lines": 9, "num_statements": 12, "percent_covered": 77.77777777777777, "percent_covered_display": "77.78", "missing_lines": 3, "excluded_lines": 0, "num_branches": 6, "num_partial_branches": 1, "covered_branches": 5, "missing_branches": 1}, "missing_lines": [346, 347, 353], "excluded_lines": [], "executed_branches": [[343, 344], [343, 348], [345, 343], [368, -365], [368, 369]], "missing_branches": [[345, 346]]}, "": {"executed_lines": [1, 2, 4, 5, 6, 8, 11, 12, 14, 20, 21, 23, 24, 25, 27, 28, 35, 36, 38, 39, 40, 41, 42, 43, 44, 46, 47, 58, 59, 61, 62, 63, 66, 67, 69, 70, 71, 72, 73, 74, 75, 76, 77, 78, 80, 81, 89, 90, 92, 93, 94, 95, 98, 99, 101, 104, 105, 107, 108, 111, 112, 114, 115, 116, 117, 118, 121, 122, 124, 125, 126, 128, 129, 136, 137, 139, 140, 141, 142, 143, 144, 145, 147, 182, 200, 210, 211, 213, 214, 215, 218, 219, 220, 221, 222, 224, 225, 235, 236, 237, 238, 239, 240, 242, 243, 256, 257, 258, 261, 262, 263, 264, 265, 266, 269, 270, 271, 272, 273, 276, 277, 278, 279, 280, 281, 282, 283, 284, 285, 287, 288, 296, 297, 298, 301, 302, 303, 306, 307, 308, 309, 312, 313, 314, 315, 316, 319, 320, 322, 323, 324, 325, 326, 327, 328, 329, 330, 331, 332, 333, 334, 335, 336, 337, 338, 340, 341, 350, 355, 360, 365], "summary": {"covered_lines": 157, "num_statements": 157, "percent_covered": 100.0, "percent_covered_display": "100.00", "missing_lines": 0, "excluded_lines": 0, "num_branches": 0, "num_partial_branches": 0, "covered_branches": 0, "missing_branches": 0}, "missing_lines": [], "excluded_lines": [], "executed_branches": [], "missing_branches": []}}}, "src/Urban_Amenities2/dedupe/__init__.py": {"executed_lines": [], "summary": {"covered_lines": 0, "num_statements": 0, "percent_covered": 100.0, "percent_covered_display": "100.00", "missing_lines": 0, "excluded_lines": 0, "num_branches": 0, "num_partial_branches": 0, "covered_branches": 0, "missing_branches": 0}, "missing_lines": [], "excluded_lines": [], "executed_branches": [], "missing_branches": [], "functions": {"": {"executed_lines": [], "summary": {"covered_lines": 0, "num_statements": 0, "percent_covered": 100.0, "percent_covered_display": "100.00", "missing_lines": 0, "excluded_lines": 0, "num_branches": 0, "num_partial_branches": 0, "covered_branches": 0, "missing_branches": 0}, "missing_lines": [], "excluded_lines": [], "executed_branches": [], "missing_branches": []}}, "classes": {"": {"executed_lines": [], "summary": {"covered_lines": 0, "num_statements": 0, "percent_covered": 100.0, "percent_covered_display": "100.00", "missing_lines": 0, "excluded_lines": 0, "num_branches": 0, "num_partial_branches": 0, "covered_branches": 0, "missing_branches": 0}, "missing_lines": [], "excluded_lines": [], "executed_branches": [], "missing_branches": []}}}, "src/Urban_Amenities2/dedupe/pois.py": {"executed_lines": [1, 3, 4, 6, 7, 8, 9, 11, 13, 16, 17, 18, 19, 20, 21, 22, 25, 31, 32, 40, 51, 53, 54, 56, 57, 59, 60, 61, 62, 63, 64, 65, 66, 70, 71, 72, 73, 74, 75, 76, 77, 78, 79, 80, 82, 83, 84, 85, 87, 88, 89, 90, 91, 95, 99, 103, 104, 105, 106, 107, 108, 109, 110, 111, 112, 114, 115, 116, 122, 123, 124, 127, 128, 130, 133, 134, 136, 137, 138, 139, 140, 141, 142, 145], "summary": {"covered_lines": 84, "num_statements": 95, "percent_covered": 84.21052631578948, "percent_covered_display": "84.21", "missing_lines": 11, "excluded_lines": 0, "num_branches": 38, "num_partial_branches": 8, "covered_branches": 28, "missing_branches": 10}, "missing_lines": [33, 34, 37, 52, 81, 113, 117, 118, 120, 129, 135], "excluded_lines": [], "executed_branches": [[31, 32], [51, 53], [60, 61], [60, 87], [61, 62], [61, 63], [71, 60], [71, 72], [73, 74], [73, 75], [78, 79], [78, 85], [80, 82], [83, 84], [87, 88], [87, 122], [104, 87], [104, 105], [105, 106], [105, 107], [107, 104], [107, 108], [108, 109], [108, 110], [112, 114], [115, 116], [128, 130], [134, 136]], "missing_branches": [[31, 33], [51, 52], [80, 81], [83, 78], [112, 113], [115, 117], [117, 118], [117, 120], [128, 129], [134, 135]], "functions": {"ensure_hex_index": {"executed_lines": [31, 32], "summary": {"covered_lines": 2, "num_statements": 5, "percent_covered": 42.857142857142854, "percent_covered_display": "42.86", "missing_lines": 3, "excluded_lines": 0, "num_branches": 2, "num_partial_branches": 1, "covered_branches": 1, "missing_branches": 1}, "missing_lines": [33, 34, 37], "excluded_lines": [], "executed_branches": [[31, 32]], "missing_branches": [[31, 33]]}, "deduplicate_pois": {"executed_lines": [51, 53, 54, 56, 57, 59, 60, 61, 62, 63, 64, 65, 66, 70, 71, 72, 73, 74, 75, 76, 77, 78, 79, 80, 82, 83, 84, 85, 87, 88, 89, 90, 91, 95, 99, 103, 104, 105, 106, 107, 108, 109, 110, 111, 112, 114, 115, 116, 122, 123, 124], "summary": {"covered_lines": 51, "num_statements": 57, "percent_covered": 85.3932584269663, "percent_covered_display": "85.39", "missing_lines": 6, "excluded_lines": 0, "num_branches": 32, "num_partial_branches": 5, "covered_branches": 25, "missing_branches": 7}, "missing_lines": [52, 81, 113, 117, 118, 120], "excluded_lines": [], "executed_branches": [[51, 53], [60, 61], [60, 87], [61, 62], [61, 63], [71, 60], [71, 72], [73, 74], [73, 75], [78, 79], [78, 85], [80, 82], [83, 84], [87, 88], [87, 122], [104, 87], [104, 105], [105, 106], [105, 107], [107, 104], [107, 108], [108, 109], [108, 110], [112, 114], [115, 116]], "missing_branches": [[51, 52], [80, 81], [83, 78], [112, 113], [115, 117], [117, 118], [117, 120]]}, "_resolve_threshold": {"executed_lines": [128, 130], "summary": {"covered_lines": 2, "num_statements": 3, "percent_covered": 60.0, "percent_covered_display": "60.00", "missing_lines": 1, "excluded_lines": 0, "num_branches": 2, "num_partial_branches": 1, "covered_branches": 1, "missing_branches": 1}, "missing_lines": [129], "excluded_lines": [], "executed_branches": [[128, 130]], "missing_branches": [[128, 129]]}, "_pairwise_distance": {"executed_lines": [134, 136, 137, 138, 139, 140, 141, 142], "summary": {"covered_lines": 8, "num_statements": 9, "percent_covered": 81.81818181818181, "percent_covered_display": "81.82", "missing_lines": 1, "excluded_lines": 0, "num_branches": 2, "num_partial_branches": 1, "covered_branches": 1, "missing_branches": 1}, "missing_lines": [135], "excluded_lines": [], "executed_branches": [[134, 136]], "missing_branches": [[134, 135]]}, "": {"executed_lines": [1, 3, 4, 6, 7, 8, 9, 11, 13, 16, 17, 18, 19, 20, 21, 22, 25, 40, 127, 133, 145], "summary": {"covered_lines": 21, "num_statements": 21, "percent_covered": 100.0, "percent_covered_display": "100.00", "missing_lines": 0, "excluded_lines": 0, "num_branches": 0, "num_partial_branches": 0, "covered_branches": 0, "missing_branches": 0}, "missing_lines": [], "excluded_lines": [], "executed_branches": [], "missing_branches": []}}, "classes": {"DedupeConfig": {"executed_lines": [], "summary": {"covered_lines": 0, "num_statements": 0, "percent_covered": 100.0, "percent_covered_display": "100.00", "missing_lines": 0, "excluded_lines": 0, "num_branches": 0, "num_partial_branches": 0, "covered_branches": 0, "missing_branches": 0}, "missing_lines": [], "excluded_lines": [], "executed_branches": [], "missing_branches": []}, "": {"executed_lines": [1, 3, 4, 6, 7, 8, 9, 11, 13, 16, 17, 18, 19, 20, 21, 22, 25, 31, 32, 40, 51, 53, 54, 56, 57, 59, 60, 61, 62, 63, 64, 65, 66, 70, 71, 72, 73, 74, 75, 76, 77, 78, 79, 80, 82, 83, 84, 85, 87, 88, 89, 90, 91, 95, 99, 103, 104, 105, 106, 107, 108, 109, 110, 111, 112, 114, 115, 116, 122, 123, 124, 127, 128, 130, 133, 134, 136, 137, 138, 139, 140, 141, 142, 145], "summary": {"covered_lines": 84, "num_statements": 95, "percent_covered": 84.21052631578948, "percent_covered_display": "84.21", "missing_lines": 11, "excluded_lines": 0, "num_branches": 38, "num_partial_branches": 8, "covered_branches": 28, "missing_branches": 10}, "missing_lines": [33, 34, 37, 52, 81, 113, 117, 118, 120, 129, 135], "excluded_lines": [], "executed_branches": [[31, 32], [51, 53], [60, 61], [60, 87], [61, 62], [61, 63], [71, 60], [71, 72], [73, 74], [73, 75], [78, 79], [78, 85], [80, 82], [83, 84], [87, 88], [87, 122], [104, 87], [104, 105], [105, 106], [105, 107], [107, 104], [107, 108], [108, 109], [108, 110], [112, 114], [115, 116], [128, 130], [134, 136]], "missing_branches": [[31, 33], [51, 52], [80, 81], [83, 78], [112, 113], [115, 117], [117, 118], [117, 120], [128, 129], [134, 135]]}}}, "src/Urban_Amenities2/errors.py": {"executed_lines": [1, 2, 4, 5, 6, 9, 10, 11, 12, 15, 16, 17, 18, 19, 21, 28, 29, 33, 34, 35, 38, 39], "summary": {"covered_lines": 20, "num_statements": 22, "percent_covered": 90.9090909090909, "percent_covered_display": "90.91", "missing_lines": 2, "excluded_lines": 5, "num_branches": 0, "num_partial_branches": 0, "covered_branches": 0, "missing_branches": 0}, "missing_lines": [30, 40], "excluded_lines": [21, 22, 23, 24, 25], "executed_branches": [], "missing_branches": [], "functions": {"ClassifiedError.__str__": {"executed_lines": [], "summary": {"covered_lines": 0, "num_statements": 0, "percent_covered": 100.0, "percent_covered_display": "100.00", "missing_lines": 0, "excluded_lines": 4, "num_branches": 0, "num_partial_branches": 0, "covered_branches": 0, "missing_branches": 0}, "missing_lines": [], "excluded_lines": [22, 23, 24, 25], "executed_branches": [], "missing_branches": []}, "DataQualityError.__init__": {"executed_lines": [], "summary": {"covered_lines": 0, "num_statements": 1, "percent_covered": 0.0, "percent_covered_display": "0.00", "missing_lines": 1, "excluded_lines": 0, "num_branches": 0, "num_partial_branches": 0, "covered_branches": 0, "missing_branches": 0}, "missing_lines": [30], "excluded_lines": [], "executed_branches": [], "missing_branches": []}, "ConfigurationError.__init__": {"executed_lines": [35], "summary": {"covered_lines": 1, "num_statements": 1, "percent_covered": 100.0, "percent_covered_display": "100.00", "missing_lines": 0, "excluded_lines": 0, "num_branches": 0, "num_partial_branches": 0, "covered_branches": 0, "missing_branches": 0}, "missing_lines": [], "excluded_lines": [], "executed_branches": [], "missing_branches": []}, "ComputationError.__init__": {"executed_lines": [], "summary": {"covered_lines": 0, "num_statements": 1, "percent_covered": 0.0, "percent_covered_display": "0.00", "missing_lines": 1, "excluded_lines": 0, "num_branches": 0, "num_partial_branches": 0, "covered_branches": 0, "missing_branches": 0}, "missing_lines": [40], "excluded_lines": [], "executed_branches": [], "missing_branches": []}, "": {"executed_lines": [1, 2, 4, 5, 6, 9, 10, 11, 12, 15, 16, 17, 18, 19, 21, 28, 29, 33, 34, 38, 39], "summary": {"covered_lines": 19, "num_statements": 19, "percent_covered": 100.0, "percent_covered_display": "100.00", "missing_lines": 0, "excluded_lines": 1, "num_branches": 0, "num_partial_branches": 0, "covered_branches": 0, "missing_branches": 0}, "missing_lines": [], "excluded_lines": [21], "executed_branches": [], "missing_branches": []}}, "classes": {"ErrorCategory": {"executed_lines": [], "summary": {"covered_lines": 0, "num_statement
[...]
tatements": 3, "percent_covered": 100.0, "percent_covered_display": "100.00", "missing_lines": 0, "excluded_lines": 0, "num_branches": 0, "num_partial_branches": 0, "covered_branches": 0, "missing_branches": 0}, "missing_lines": [], "excluded_lines": [], "executed_branches": [], "missing_branches": []}, "register_snapshot": {"executed_lines": [30, 31, 32], "summary": {"covered_lines": 3, "num_statements": 3, "percent_covered": 100.0, "percent_covered_display": "100.00", "missing_lines": 0, "excluded_lines": 0, "num_branches": 0, "num_partial_branches": 0, "covered_branches": 0, "missing_branches": 0}, "missing_lines": [], "excluded_lines": [], "executed_branches": [], "missing_branches": []}, "list_snapshots": {"executed_lines": [36, 38, 39, 40, 41, 43, 44], "summary": {"covered_lines": 7, "num_statements": 9, "percent_covered": 73.33333333333333, "percent_covered_display": "73.33", "missing_lines": 2, "excluded_lines": 0, "num_branches": 6, "num_partial_branches": 2, "covered_branches": 4, "missing_branches": 2}, "missing_lines": [37, 42], "excluded_lines": [], "executed_branches": [[36, 38], [39, 40], [39, 44], [41, 43]], "missing_branches": [[36, 37], [41, 42]]}, "": {"executed_lines": [1, 2, 4, 5, 6, 7, 10, 11, 12, 13, 14, 15, 17, 22, 23, 29, 35], "summary": {"covered_lines": 16, "num_statements": 16, "percent_covered": 100.0, "percent_covered_display": "100.00", "missing_lines": 0, "excluded_lines": 0, "num_branches": 0, "num_partial_branches": 0, "covered_branches": 0, "missing_branches": 0}, "missing_lines": [], "excluded_lines": [], "executed_branches": [], "missing_branches": []}}, "classes": {"DataSnapshot": {"executed_lines": [18, 19, 20, 24, 25, 26], "summary": {"covered_lines": 6, "num_statements": 6, "percent_covered": 100.0, "percent_covered_display": "100.00", "missing_lines": 0, "excluded_lines": 0, "num_branches": 0, "num_partial_branches": 0, "covered_branches": 0, "missing_branches": 0}, "missing_lines": [], "excluded_lines": [], "executed_branches": [], "missing_branches": []}, "": {"executed_lines": [1, 2, 4, 5, 6, 7, 10, 11, 12, 13, 14, 15, 17, 22, 23, 29, 30, 31, 32, 35, 36, 38, 39, 40, 41, 43, 44], "summary": {"covered_lines": 26, "num_statements": 28, "percent_covered": 88.23529411764706, "percent_covered_display": "88.24", "missing_lines": 2, "excluded_lines": 0, "num_branches": 6, "num_partial_branches": 2, "covered_branches": 4, "missing_branches": 2}, "missing_lines": [37, 42], "excluded_lines": [], "executed_branches": [[36, 38], [39, 40], [39, 44], [41, 43]], "missing_branches": [[36, 37], [41, 42]]}}}, "src/Urban_Amenities2/versioning/manifest.py": {"executed_lines": [1, 2, 4, 5, 6, 7, 8, 9, 12, 13, 14, 15, 16, 17, 18, 20, 21, 22, 23, 25, 26, 27, 28, 29, 32, 38, 45, 46, 49, 50, 51, 52, 55, 56, 57, 58, 59, 60, 61, 63, 64, 67, 68, 69, 70], "summary": {"covered_lines": 44, "num_statements": 46, "percent_covered": 91.07142857142857, "percent_covered_display": "91.07", "missing_lines": 2, "excluded_lines": 0, "num_branches": 10, "num_partial_branches": 3, "covered_branches": 7, "missing_branches": 3}, "missing_lines": [62, 71], "excluded_lines": [], "executed_branches": [[56, 57], [56, 58], [59, 60], [59, 64], [61, 63], [68, 69], [69, 70]], "missing_branches": [[61, 62], [68, 71], [69, 68]], "functions": {"RunManifest.to_json": {"executed_lines": [21, 22, 23], "summary": {"covered_lines": 3, "num_statements": 3, "percent_covered": 100.0, "percent_covered_display": "100.00", "missing_lines": 0, "excluded_lines": 0, "num_branches": 0, "num_partial_branches": 0, "covered_branches": 0, "missing_branches": 0}, "missing_lines": [], "excluded_lines": [], "executed_branches": [], "missing_branches": []}, "RunManifest.from_json": {"executed_lines": [27, 28, 29], "summary": {"covered_lines": 3, "num_statements": 3, "percent_covered": 100.0, "percent_covered_display": "100.00", "missing_lines": 0, "excluded_lines": 0, "num_branches": 0, "num_partial_branches": 0, "covered_branches": 0, "missing_branches": 0}, "missing_lines": [], "excluded_lines": [], "executed_branches": [], "missing_branches": []}, "create_run_manifest": {"executed_lines": [38, 45, 46], "summary": {"covered_lines": 3, "num_statements": 3, "percent_covered": 100.0, "percent_covered_display": "100.00", "missing_lines": 0, "excluded_lines": 0, "num_branches": 0, "num_partial_branches": 0, "covered_branches": 0, "missing_branches": 0}, "missing_lines": [], "excluded_lines": [], "executed_branches": [], "missing_branches": []}, "append_manifest": {"executed_lines": [50, 51, 52], "summary": {"covered_lines": 3, "num_statements": 3, "percent_covered": 100.0, "percent_covered_display": "100.00", "missing_lines": 0, "excluded_lines": 0, "num_branches": 0, "num_partial_branches": 0, "covered_branches": 0, "missing_branches": 0}, "missing_lines": [], "excluded_lines": [], "executed_branches": [], "missing_branches": []}, "list_manifests": {"executed_lines": [56, 57, 58, 59, 60, 61, 63, 64], "summary": {"covered_lines": 8, "num_statements": 9, "percent_covered": 86.66666666666667, "percent_covered_display": "86.67", "missing_lines": 1, "excluded_lines": 0, "num_branches": 6, "num_partial_branches": 1, "covered_branches": 5, "missing_branches": 1}, "missing_lines": [62], "excluded_lines": [], "executed_branches": [[56, 57], [56, 58], [59, 60], [59, 64], [61, 63]], "missing_branches": [[61, 62]]}, "get_manifest": {"executed_lines": [68, 69, 70], "summary": {"covered_lines": 3, "num_statements": 4, "percent_covered": 62.5, "percent_covered_display": "62.50", "missing_lines": 1, "excluded_lines": 0, "num_branches": 4, "num_partial_branches": 2, "covered_branches": 2, "missing_branches": 2}, "missing_lines": [71], "excluded_lines": [], "executed_branches": [[68, 69], [69, 70]], "missing_branches": [[68, 71], [69, 68]]}, "": {"executed_lines": [1, 2, 4, 5, 6, 7, 8, 9, 12, 13, 14, 15, 16, 17, 18, 20, 25, 26, 32, 49, 55, 67], "summary": {"covered_lines": 21, "num_statements": 21, "percent_covered": 100.0, "percent_covered_display": "100.00", "missing_lines": 0, "excluded_lines": 0, "num_branches": 0, "num_partial_branches": 0, "covered_branches": 0, "missing_branches": 0}, "missing_lines": [], "excluded_lines": [], "executed_branches": [], "missing_branches": []}}, "classes": {"RunManifest": {"executed_lines": [21, 22, 23, 27, 28, 29], "summary": {"covered_lines": 6, "num_statements": 6, "percent_covered": 100.0, "percent_covered_display": "100.00", "missing_lines": 0, "excluded_lines": 0, "num_branches": 0, "num_partial_branches": 0, "covered_branches": 0, "missing_branches": 0}, "missing_lines": [], "excluded_lines": [], "executed_branches": [], "missing_branches": []}, "": {"executed_lines": [1, 2, 4, 5, 6, 7, 8, 9, 12, 13, 14, 15, 16, 17, 18, 20, 25, 26, 32, 38, 45, 46, 49, 50, 51, 52, 55, 56, 57, 58, 59, 60, 61, 63, 64, 67, 68, 69, 70], "summary": {"covered_lines": 38, "num_statements": 40, "percent_covered": 90.0, "percent_covered_display": "90.00", "missing_lines": 2, "excluded_lines": 0, "num_branches": 10, "num_partial_branches": 3, "covered_branches": 7, "missing_branches": 3}, "missing_lines": [62, 71], "excluded_lines": [], "executed_branches": [[56, 57], [56, 58], [59, 60], [59, 64], [61, 63], [68, 69], [69, 70]], "missing_branches": [[61, 62], [68, 71], [69, 68]]}}}, "src/Urban_Amenities2/versioning/snapshots.py": {"executed_lines": [1, 3, 5, 7], "summary": {"covered_lines": 3, "num_statements": 3, "percent_covered": 100.0, "percent_covered_display": "100.00", "missing_lines": 0, "excluded_lines": 0, "num_branches": 0, "num_partial_branches": 0, "covered_branches": 0, "missing_branches": 0}, "missing_lines": [], "excluded_lines": [], "executed_branches": [], "missing_branches": [], "functions": {"": {"executed_lines": [1, 3, 5, 7], "summary": {"covered_lines": 3, "num_statements": 3, "percent_covered": 100.0, "percent_covered_display": "100.00", "missing_lines": 0, "excluded_lines": 0, "num_branches": 0, "num_partial_branches": 0, "covered_branches": 0, "missing_branches": 0}, "missing_lines": [], "excluded_lines": [], "executed_branches": [], "missing_branches": []}}, "classes": {"": {"executed_lines": [1, 3, 5, 7], "summary": {"covered_lines": 3, "num_statements": 3, "percent_covered": 100.0, "percent_covered_display": "100.00", "missing_lines": 0, "excluded_lines": 0, "num_branches": 0, "num_partial_branches": 0, "covered_branches": 0, "missing_branches": 0}, "missing_lines": [], "excluded_lines": [], "executed_branches": [], "missing_branches": []}}}, "src/Urban_Amenities2/xwalk/__init__.py": {"executed_lines": [], "summary": {"covered_lines": 0, "num_statements": 0, "percent_covered": 100.0, "percent_covered_display": "100.00", "missing_lines": 0, "excluded_lines": 0, "num_branches": 0, "num_partial_branches": 0, "covered_branches": 0, "missing_branches": 0}, "missing_lines": [], "excluded_lines": [], "executed_branches": [], "missing_branches": [], "functions": {"": {"executed_lines": [], "summary": {"covered_lines": 0, "num_statements": 0, "percent_covered": 100.0, "percent_covered_display": "100.00", "missing_lines": 0, "excluded_lines": 0, "num_branches": 0, "num_partial_branches": 0, "covered_branches": 0, "missing_branches": 0}, "missing_lines": [], "excluded_lines": [], "executed_branches": [], "missing_branches": []}}, "classes": {"": {"executed_lines": [], "summary": {"covered_lines": 0, "num_statements": 0, "percent_covered": 100.0, "percent_covered_display": "100.00", "missing_lines": 0, "excluded_lines": 0, "num_branches": 0, "num_partial_branches": 0, "covered_branches": 0, "missing_branches": 0}, "missing_lines": [], "excluded_lines": [], "executed_branches": [], "missing_branches": []}}}, "src/Urban_Amenities2/xwalk/overture_aucs.py": {"executed_lines": [1, 3, 4, 5, 7, 10, 11, 12, 14, 15, 16, 17, 20, 21, 22, 23, 24, 25, 26, 28, 31, 32, 33, 34, 36, 37, 45, 46, 48, 49, 51, 54, 55, 56, 58, 59, 60, 63, 64, 65, 66, 67, 70, 77, 79, 81, 83, 84, 85, 86, 87, 88, 89, 91, 93, 94, 96, 98, 99, 100, 101, 102, 105, 108, 109, 110, 111, 114, 115, 116, 117, 121, 122, 123, 125, 126, 127, 128, 129, 130, 131, 132, 141, 144, 145, 146, 148, 149, 150, 152, 155, 156, 158, 159, 160, 163, 164, 166, 168, 171], "summary": {"covered_lines": 98, "num_statements": 116, "percent_covered": 78.125, "percent_covered_display": "78.12", "missing_lines": 18, "excluded_lines": 0, "num_branches": 44, "num_partial_branches": 17, "covered_branches": 27, "missing_branches": 17}, "missing_lines": [52, 57, 61, 68, 80, 90, 92, 95, 112, 113, 118, 119, 124, 147, 151, 157, 165, 167], "excluded_lines": [], "executed_branches": [[32, 33], [32, 34], [56, 58], [58, 59], [59, 58], [59, 60], [64, 65], [66, 67], [79, 81], [86, 87], [89, 91], [91, 93], [94, 96], [100, 101], [100, 102], [111, 114], [117, 121], [122, 123], [122, 141], [123, 125], [125, 122], [125, 126], [146, 148], [150, 152], [156, 158], [164, 166], [166, 168]], "missing_branches": [[56, 57], [58, 61], [64, 68], [66, 64], [79, 80], [86, 88], [89, 90], [91, 92], [94, 95], [111, 112], [117, 118], [123, 124], [146, 147], [150, 151], [156, 157], [164, 165], [166, 167]], "functions": {"_Rule.matches": {"executed_lines": [31, 32, 33, 34], "summary": {"covered_lines": 4, "num_statements": 4, "percent_covered": 100.0, "percent_covered_display": "100.00", "missing_lines": 0, "excluded_lines": 0, "num_branches": 2, "num_partial_branches": 0, "covered_branches": 2, "missing_branches": 0}, "missing_lines": [], "excluded_lines": [], "executed_branches": [[32, 33], [32, 34]], "missing_branches": []}, "_Rule.to_match": {"executed_lines": [37], "summary": {"covered_lines": 1, "num_statements": 1, "percent_covered": 100.0, "percent_covered_display": "100.00", "missing_lines": 0, "excluded_lines": 0, "num_branches": 0, "num_partial_branches": 0, "covered_branches": 0, "missing_branches": 0}, "missing_lines": [], "excluded_lines": [], "executed_branches": [], "missing_branches": []}, "CategoryMatcher.__init__": {"executed_lines": [49], "summary": {"covered_lines": 1, "num_statements": 1, "percent_covered": 100.0, "percent_covered_display": "100.00", "missing_lines": 0, "excluded_lines": 0, "num_branches": 0, "num_partial_branches": 0, "covered_branches": 0, "missing_branches": 0}, "missing_lines": [], "excluded_lines": [], "executed_branches": [], "missing_branches": []}, "CategoryMatcher.categories": {"executed_lines": [], "summary": {"covered_lines": 0, "num_statements": 1, "percent_covered": 0.0, "percent_covered_display": "0.00", "missing_lines": 1, "excluded_lines": 0, "num_branches": 0, "num_partial_branches": 0, "covered_branches": 0, "missing_branches": 0}, "missing_lines": [52], "excluded_lines": [], "executed_branches": [], "missing_branches": []}, "CategoryMatcher.match_single": {"executed_lines": [55, 56, 58, 59, 60], "summary": {"covered_lines": 5, "num_statements": 7, "percent_covered": 69.23076923076923, "percent_covered_display": "69.23", "missing_lines": 2, "excluded_lines": 0, "num_branches": 6, "num_partial_branches": 2, "covered_branches": 4, "missing_branches": 2}, "missing_lines": [57, 61], "excluded_lines": [], "executed_branches": [[56, 58], [58, 59], [59, 58], [59, 60]], "missing_branches": [[56, 57], [58, 61]]}, "CategoryMatcher.match_many": {"executed_lines": [64, 65, 66, 67], "summary": {"covered_lines": 4, "num_statements": 5, "percent_covered": 66.66666666666667, "percent_covered_display": "66.67", "missing_lines": 1, "excluded_lines": 0, "num_branches": 4, "num_partial_branches": 2, "covered_branches": 2, "missing_branches": 2}, "missing_lines": [68], "excluded_lines": [], "executed_branches": [[64, 65], [66, 67]], "missing_branches": [[64, 68], [66, 64]]}, "CategoryMatcher.assign": {"executed_lines": [77, 79, 81, 83, 98, 99, 100, 101, 102], "summary": {"covered_lines": 9, "num_statements": 10, "percent_covered": 85.71428571428571, "percent_covered_display": "85.71", "missing_lines": 1, "excluded_lines": 0, "num_branches": 4, "num_partial_branches": 1, "covered_branches": 3, "missing_branches": 1}, "missing_lines": [80], "excluded_lines": [], "executed_branches": [[79, 81], [100, 101], [100, 102]], "missing_branches": [[79, 80]]}, "CategoryMatcher.assign._resolve": {"executed_lines": [84, 85, 86, 87, 88, 89, 91, 93, 94, 96], "summary": {"covered_lines": 10, "num_statements": 13, "percent_covered": 66.66666666666667, "percent_covered_display": "66.67", "missing_lines": 3, "excluded_lines": 0, "num_branches": 8, "num_partial_branches": 4, "covered_branches": 4, "missing_branches": 4}, "missing_lines": [90, 92, 95], "excluded_lines": [], "executed_branches": [[86, 87], [89, 91], [91, 93], [94, 96]], "missing_branches": [[86, 88], [89, 90], [91, 92], [94, 95]]}, "load_crosswalk": {"executed_lines": [108, 109, 110, 111, 114, 115, 116, 117, 121, 122, 123, 125, 126, 127, 128, 129, 130, 131, 132, 141], "summary": {"covered_lines": 20, "num_statements": 25, "percent_covered": 77.14285714285714, "percent_covered_display": "77.14", "missing_lines": 5, "excluded_lines": 0, "num_branches": 10, "num_partial_branches": 3, "covered_branches": 7, "missing_branches": 3}, "missing_lines": [112, 113, 118, 119, 124], "excluded_lines": [], "executed_branches": [[111, 114], [117, 121], [122, 123], [122, 141], [123, 125], [125, 122], [125, 126]], "missing_branches": [[111, 112], [117, 118], [123, 124]]}, "_extract_yaml_block": {"executed_lines": [145, 146, 148, 149, 150, 152], "summary": {"covered_lines": 6, "num_statements": 8, "percent_covered": 66.66666666666667, "percent_covered_display": "66.67", "missing_lines": 2, "excluded_lines": 0, "num_branches": 4, "num_partial_branches": 2, "covered_branches": 2, "missing_branches": 2}, "missing_lines": [147, 151], "excluded_lines": [], "executed_branches": [[146, 148], [150, 152]], "missing_branches": [[146, 147], [150, 151]]}, "_normalise_category": {"executed_lines": [156, 158, 159, 160], "summary": {"covered_lines": 4, "num_statements": 5, "percent_covered": 71.42857142857143, "percent_covered_display": "71.43", "missing_lines": 1, "excluded_lines": 0, "num_branches": 2, "num_partial_branches": 1, "covered_branches": 1, "missing_branches": 1}, "missing_lines": [157], "excluded_lines": [], "executed_branches": [[156, 158]], "missing_branches": [[156, 157]]}, "_prefix_matches": {"executed_lines": [164, 166, 168], "summary": {"covered_lines": 3, "num_statements": 5, "percent_covered": 55.55555555555556, "percent_covered_display": "55.56", "missing_lines": 2, "excluded_lines": 0, "num_branches": 4, "num_partial_branches": 2, "covered_branches": 2, "missing_branches": 2}, "missing_lines": [165, 167], "excluded_lines": [], "executed_branches": [[164, 166], [166, 168]], "missing_branches": [[164, 165], [166, 167]]}, "": {"executed_lines": [1, 3, 4, 5, 7, 10, 11, 12, 14, 15, 16, 17, 20, 21, 22, 23, 24, 25, 26, 28, 36, 45, 46, 48, 51, 54, 63, 70, 105, 144, 155, 163, 171], "summary": {"covered_lines": 31, "num_statements": 31, "percent_covered": 100.0, "percent_covered_display": "100.00", "missing_lines": 0, "excluded_lines": 0, "num_branches": 0, "num_partial_branches": 0, "covered_branches": 0, "missing_branches": 0}, "missing_lines": [], "excluded_lines": [], "executed_branches": [], "missing_branches": []}}, "classes": {"CategoryMatch": {"executed_lines": [], "summary": {"covered_lines": 0, "num_statements": 0, "percent_covered": 100.0, "percent_covered_display": "100.00", "missing_lines": 0, "excluded_lines": 0, "num_branches": 0, "num_partial_branches": 0, "covered_branches": 0, "missing_branches": 0}, "missing_lines": [], "excluded_lines": [], "executed_branches": [], "missing_branches": []}, "_Rule": {"executed_lines": [31, 32, 33, 34, 37], "summary": {"covered_lines": 5, "num_statements": 5, "percent_covered": 100.0, "percent_covered_display": "100.00", "missing_lines": 0, "excluded_lines": 0, "num_branches": 2, "num_partial_branches": 0, "covered_branches": 2, "missing_branches": 0}, "missing_lines": [], "excluded_lines": [], "executed_branches": [[32, 33], [32, 34]], "missing_branches": []}, "CategoryMatcher": {"executed_lines": [49, 55, 56, 58, 59, 60, 64, 65, 66, 67, 77, 79, 81, 83, 84, 85, 86, 87, 88, 89, 91, 93, 94, 96, 98, 99, 100, 101, 102], "summary": {"covered_lines": 29, "num_statements": 37, "percent_covered": 71.1864406779661, "percent_covered_display": "71.19", "missing_lines": 8, "excluded_lines": 0, "num_branches": 22, "num_partial_branches": 9, "covered_branches": 13, "missing_branches": 9}, "missing_lines": [52, 57, 61, 68, 80, 90, 92, 95], "excluded_lines": [], "executed_branches": [[56, 58], [58, 59], [59, 58], [59, 60], [64, 65], [66, 67], [79, 81], [86, 87], [89, 91], [91, 93], [94, 96], [100, 101], [100, 102]], "missing_branches": [[56, 57], [58, 61], [64, 68], [66, 64], [79, 80], [86, 88], [89, 90], [91, 92], [94, 95]]}, "": {"executed_lines": [1, 3, 4, 5, 7, 10, 11, 12, 14, 15, 16, 17, 20, 21, 22, 23, 24, 25, 26, 28, 36, 45, 46, 48, 51, 54, 63, 70, 105, 108, 109, 110, 111, 114, 115, 116, 117, 121, 122, 123, 125, 126, 127, 128, 129, 130, 131, 132, 141, 144, 145, 146, 148, 149, 150, 152, 155, 156, 158, 159, 160, 163, 164, 166, 168, 171], "summary": {"covered_lines": 64, "num_statements": 74, "percent_covered": 80.85106382978724, "percent_covered_display": "80.85", "missing_lines": 10, "excluded_lines": 0, "num_branches": 20, "num_partial_branches": 8, "covered_branches": 12, "missing_branches": 8}, "missing_lines": [112, 113, 118, 119, 124, 147, 151, 157, 165, 167], "excluded_lines": [], "executed_branches": [[111, 114], [117, 121], [122, 123], [122, 141], [123, 125], [125, 122], [125, 126], [146, 148], [150, 152], [156, 158], [164, 166], [166, 168]], "missing_branches": [[111, 112], [117, 118], [123, 124], [146, 147], [150, 151], [156, 157], [164, 165], [166, 167]]}}}}, "totals": {"covered_lines": 5327, "num_statements": 6583, "percent_covered": 76.5573968791581, "percent_covered_display": "76.56", "missing_lines": 1256, "excluded_lines": 299, "num_branches": 1684, "num_partial_branches": 426, "covered_branches": 1002, "missing_branches": 682}}